Log file open, 05/08/22 20:20:27
LogWindows: Failed to load 'aqProf.dll' (GetLastError=126)
LogWindows: File 'aqProf.dll' does not exist
LogWindows: Failed to load 'VtuneApi.dll' (GetLastError=126)
LogWindows: File 'VtuneApi.dll' does not exist
LogWindows: Failed to load 'VtuneApi32e.dll' (GetLastError=126)
LogWindows: File 'VtuneApi32e.dll' does not exist
LogConsoleResponse: Display: Failed to find resolution value strings in scalability ini. Falling back to default.
LogConsoleResponse: Display: Failed to find resolution value strings in scalability ini. Falling back to default.
LogInit: Display: Running engine for game: Cyber_revengers
LogPlatformFile: Not using cached read wrapper
LogTaskGraph: Started task graph with 5 named threads and 35 total threads with 3 sets of task threads.
LogStats: Stats thread started at 0.219361
LogICUInternationalization: ICU TimeZone Detection - Raw Offset: +7:00, Platform Override: ''
LogInit: Display: Loading text-based GConfig....
LogPluginManager: Mounting plugin MeshPainting
LogPluginManager: Mounting plugin XGEController
LogPluginManager: Mounting plugin LiveLink
LogPluginManager: Mounting plugin Paper2D
LogPluginManager: Mounting plugin CameraShakePreviewer
LogPluginManager: Mounting plugin LightPropagationVolume
LogPluginManager: Mounting plugin GameplayCameras
LogPluginManager: Mounting plugin AnimationSharing
LogPluginManager: Mounting plugin KDevelopSourceCodeAccess
LogPluginManager: Mounting plugin CLionSourceCodeAccess
LogPluginManager: Mounting plugin NullSourceCodeAccess
LogPluginManager: Mounting plugin PerforceSourceControl
LogPluginManager: Mounting plugin PixWinPlugin
LogPluginManager: Mounting plugin PluginUtils
LogPluginManager: Mounting plugin PlasticSourceControl
LogPluginManager: Mounting plugin AssetManagerEditor
LogPluginManager: Mounting plugin PropertyAccessNode
LogPluginManager: Mounting plugin GitSourceControl
LogPluginManager: Mounting plugin RiderSourceCodeAccess
LogPluginManager: Mounting plugin SubversionSourceControl
LogPluginManager: Mounting plugin CurveEditorTools
LogPluginManager: Mounting plugin TextureFormatOodle
LogPluginManager: Mounting plugin DataValidation
LogPluginManager: Mounting plugin CryptoKeys
LogPluginManager: Mounting plugin FacialAnimation
LogPluginManager: Mounting plugin GameplayTagsEditor
LogPluginManager: Mounting plugin GeometryMode
LogPluginManager: Mounting plugin UObjectPlugin
LogPluginManager: Mounting plugin MacGraphicsSwitching
LogPluginManager: Mounting plugin MaterialAnalyzer
LogPluginManager: Mounting plugin CodeLiteSourceCodeAccess
LogPluginManager: Mounting plugin MobileLauncherProfileWizard
LogPluginManager: Mounting plugin PluginBrowser
LogPluginManager: Mounting plugin SpeedTreeImporter
LogPluginManager: Mounting plugin VisualStudioSourceCodeAccess
LogPluginManager: Mounting plugin VisualStudioCodeSourceCodeAccess
LogPluginManager: Mounting plugin XCodeSourceCodeAccess
LogPluginManager: Mounting plugin OodleData
LogPluginManager: Mounting plugin OodleNetwork
LogPluginManager: Mounting plugin Niagara
LogPluginManager: Mounting plugin AlembicImporter
LogPluginManager: Mounting plugin AutomationUtils
LogPluginManager: Mounting plugin BackChannel
LogPluginManager: Mounting plugin ChaosCloth
LogPluginManager: Mounting plugin ChaosClothEditor
LogPluginManager: Mounting plugin ChaosEditor
LogPluginManager: Mounting plugin ChaosNiagara
LogPluginManager: Mounting plugin ChaosSolverPlugin
LogPluginManager: Mounting plugin CharacterAI
LogPluginManager: Mounting plugin GeometryCache
LogPluginManager: Mounting plugin GeometryCollectionPlugin
LogPluginManager: Mounting plugin DatasmithContent
LogPluginManager: Mounting plugin VariantManagerContent
LogPluginManager: Mounting plugin GeometryProcessing
LogPluginManager: Mounting plugin MotoSynth
LogPluginManager: Mounting plugin OpenImageDenoise
LogPluginManager: Mounting plugin PlatformCrypto
LogPluginManager: Mounting plugin ProxyLODPlugin
LogPluginManager: Mounting plugin PythonScriptPlugin
LogPluginManager: Mounting plugin AndroidMedia
LogPluginManager: Mounting plugin AvfMedia
LogPluginManager: Mounting plugin SkeletalReduction
LogPluginManager: Mounting plugin MediaCompositing
LogPluginManager: Mounting plugin ImgMedia
LogPluginManager: Mounting plugin MediaPlayerEditor
LogPluginManager: Mounting plugin WebMMedia
LogPluginManager: Mounting plugin WmfMedia
LogPluginManager: Mounting plugin LuminPlatformFeatures
LogPluginManager: Mounting plugin TcpMessaging
LogPluginManager: Mounting plugin PlanarCut
LogPluginManager: Mounting plugin MagicLeapLightEstimation
LogPluginManager: Mounting plugin ActorSequence
LogPluginManager: Mounting plugin LevelSequenceEditor
LogPluginManager: Mounting plugin MagicLeapPassableWorld
LogPluginManager: Mounting plugin MagicLeap
LogPluginManager: Mounting plugin UdpMessaging
LogPluginManager: Mounting plugin MagicLeapMedia
LogPluginManager: Mounting plugin LauncherChunkInstaller
LogPluginManager: Mounting plugin MLSDK
LogPluginManager: Mounting plugin MatineeToLevelSequence
LogPluginManager: Mounting plugin TemplateSequence
LogPluginManager: Mounting plugin OnlineSubsystem
LogPluginManager: Mounting plugin OnlineSubsystemNull
LogPluginManager: Mounting plugin OnlineSubsystemUtils
LogPluginManager: Mounting plugin ActorLayerUtilities
LogPluginManager: Mounting plugin AndroidMoviePlayer
LogPluginManager: Mounting plugin AndroidDeviceProfileSelector
LogPluginManager: Mounting plugin AndroidPermission
LogPluginManager: Mounting plugin AppleImageUtils
LogPluginManager: Mounting plugin AppleMoviePlayer
LogPluginManager: Mounting plugin ArchVisCharacter
LogPluginManager: Mounting plugin AssetTags
LogPluginManager: Mounting plugin AudioCapture
LogPluginManager: Mounting plugin AudioSynesthesia
LogPluginManager: Mounting plugin CableComponent
LogPluginManager: Mounting plugin ChunkDownloader
LogPluginManager: Mounting plugin CustomMeshComponent
LogPluginManager: Mounting plugin EditableMesh
LogPluginManager: Mounting plugin ExampleDeviceProfileSelector
LogPluginManager: Mounting plugin GoogleCloudMessaging
LogPluginManager: Mounting plugin GooglePAD
LogPluginManager: Mounting plugin IOSDeviceProfileSelector
LogPluginManager: Mounting plugin LinuxDeviceProfileSelector
LogPluginManager: Mounting plugin LocationServicesBPLibrary
LogPluginManager: Mounting plugin MobilePatchingUtils
LogPluginManager: Mounting plugin OpenXREyeTracker
LogPluginManager: Mounting plugin OpenXR
LogPluginManager: Mounting plugin OpenXRHandTracking
LogPluginManager: Mounting plugin PhysXVehicles
LogPluginManager: Mounting plugin ScreenshotTools
LogPluginManager: Mounting plugin Takes
LogPluginManager: Mounting plugin PostSplashScreen
LogPluginManager: Mounting plugin ProceduralMeshComponent
LogPluginManager: Mounting plugin PropertyAccessEditor
LogPluginManager: Mounting plugin RuntimePhysXCooking
LogPluginManager: Mounting plugin SignificanceManager
LogPluginManager: Mounting plugin SoundFields
LogPluginManager: Mounting plugin Synthesis
LogPluginManager: Mounting plugin WebMMoviePlayer
LogPluginManager: Mounting plugin AISupport
LogPluginManager: Mounting plugin EnvironmentQueryEditor
LogPluginManager: Mounting plugin WindowsMoviePlayer
LogPluginManager: Mounting plugin ContentBrowserAssetDataSource
LogPluginManager: Mounting plugin ContentBrowserClassDataSource
LogPluginManager: Mounting plugin ContentBrowserFileDataSource
LogPluginManager: Mounting plugin OnlineSubsystemGooglePlay
LogPluginManager: Mounting plugin OnlineSubsystemIOS
LogPluginManager: Mounting plugin OculusVR
LogPluginManager: Mounting plugin SteamVR
PixWinPlugin: PIX capture plugin failed to initialize! Check that the process is launched from PIX.
LogInit: Using libcurl 7.55.1-DEV
LogInit:  - built for x86_64-pc-win32
LogInit:  - supports SSL with OpenSSL/1.1.1
LogInit:  - supports HTTP deflate (compression) using libz 1.2.8
LogInit:  - other features:
LogInit:      CURL_VERSION_SSL
LogInit:      CURL_VERSION_LIBZ
LogInit:      CURL_VERSION_IPV6
LogInit:      CURL_VERSION_ASYNCHDNS
LogInit:      CURL_VERSION_LARGEFILE
LogInit:      CURL_VERSION_IDN
LogInit:  CurlRequestOptions (configurable via config and command line):
LogInit:  - bVerifyPeer = true  - Libcurl will verify peer certificate
LogInit:  - bUseHttpProxy = false  - Libcurl will NOT use HTTP proxy
LogInit:  - bDontReuseConnections = false  - Libcurl will reuse connections
LogInit:  - MaxHostConnections = 16  - Libcurl will limit the number of connections to a host
LogInit:  - LocalHostAddr = Default
LogInit:  - BufferSize = 65536
LogOnline: OSS: Creating online subsystem instance for: NULL
LogInit: WinSock: version 1.1 (2.2), MaxSocks=32767, MaxUdp=65467
LogOnline: OSS: TryLoadSubsystemAndSetDefault: Loaded subsystem for module [NULL]
LogOculusPluginWrapper: OculusPlugin initialized successfully
LogHMD: Failed initializing OVRPlugin 1.59.0
LogInit: Build: ++UE4+Release-4.27-CL-18319896
LogInit: Engine Version: 4.27.2-18319896+++UE4+Release-4.27
LogInit: Compatible Engine Version: 4.27.0-17155196+++UE4+Release-4.27
LogInit: Net CL: 17155196
LogInit: OS: Windows 10 (Release 2009) (), CPU: Intel(R) Core(TM) i7-10750H CPU @ 2.60GHz, GPU: Intel(R) UHD Graphics
LogInit: Compiled (64-bit): Nov 30 2021 07:12:08
LogInit: Compiled with Visual C++: 19.24.28315.00
LogInit: Build Configuration: Development
LogInit: Branch Name: ++UE4+Release-4.27
LogInit: Command Line: 
LogInit: Base Directory: C:/Program Files/Epic Games/UE_4.27/Engine/Binaries/Win64/
LogInit: Allocator: TBB
LogInit: Installed Engine Build: 1
LogDevObjectVersion: Number of dev versions registered: 29
LogDevObjectVersion:   Dev-Blueprints (B0D832E4-1F89-4F0D-ACCF-7EB736FD4AA2): 10
LogDevObjectVersion:   Dev-Build (E1C64328-A22C-4D53-A36C-8E866417BD8C): 0
LogDevObjectVersion:   Dev-Core (375EC13C-06E4-48FB-B500-84F0262A717E): 4
LogDevObjectVersion:   Dev-Editor (E4B068ED-F494-42E9-A231-DA0B2E46BB41): 40
LogDevObjectVersion:   Dev-Framework (CFFC743F-43B0-4480-9391-14DF171D2073): 37
LogDevObjectVersion:   Dev-Mobile (B02B49B5-BB20-44E9-A304-32B752E40360): 3
LogDevObjectVersion:   Dev-Networking (A4E4105C-59A1-49B5-A7C5-40C4547EDFEE): 0
LogDevObjectVersion:   Dev-Online (39C831C9-5AE6-47DC-9A44-9C173E1C8E7C): 0
LogDevObjectVersion:   Dev-Physics (78F01B33-EBEA-4F98-B9B4-84EACCB95AA2): 14
LogDevObjectVersion:   Dev-Platform (6631380F-2D4D-43E0-8009-CF276956A95A): 0
LogDevObjectVersion:   Dev-Rendering (12F88B9F-8875-4AFC-A67C-D90C383ABD29): 45
LogDevObjectVersion:   Dev-Sequencer (7B5AE74C-D270-4C10-A958-57980B212A5A): 13
LogDevObjectVersion:   Dev-VR (D7296918-1DD6-4BDD-9DE2-64A83CC13884): 3
LogDevObjectVersion:   Dev-LoadTimes (C2A15278-BFE7-4AFE-6C17-90FF531DF755): 1
LogDevObjectVersion:   Private-Geometry (6EACA3D4-40EC-4CC1-B786-8BED09428FC5): 3
LogDevObjectVersion:   Dev-AnimPhys (29E575DD-E0A3-4627-9D10-D276232CDCEA): 17
LogDevObjectVersion:   Dev-Anim (AF43A65D-7FD3-4947-9873-3E8ED9C1BB05): 15
LogDevObjectVersion:   Dev-ReflectionCapture (6B266CEC-1EC7-4B8F-A30B-E4D90942FC07): 1
LogDevObjectVersion:   Dev-Automation (0DF73D61-A23F-47EA-B727-89E90C41499A): 1
LogDevObjectVersion:   FortniteMain (601D1886-AC64-4F84-AA16-D3DE0DEAC7D6): 47
LogDevObjectVersion:   FortniteRelease (E7086368-6B23-4C58-8439-1B7016265E91): 1
LogDevObjectVersion:   Dev-Enterprise (9DFFBCD6-494F-0158-E221-12823C92A888): 10
LogDevObjectVersion:   Dev-Niagara (F2AED0AC-9AFE-416F-8664-AA7FFA26D6FC): 1
LogDevObjectVersion:   Dev-Destruction (174F1F0B-B4C6-45A5-B13F-2EE8D0FB917D): 10
LogDevObjectVersion:   Dev-Physics-Ext (35F94A83-E258-406C-A318-09F59610247C): 41
LogDevObjectVersion:   Dev-PhysicsMaterial-Chaos (B68FC16E-8B1B-42E2-B453-215C058844FE): 1
LogDevObjectVersion:   Dev-CineCamera (B2E18506-4273-CFC2-A54E-F4BB758BBA07): 1
LogDevObjectVersion:   Dev-VirtualProduction (64F58936-FD1B-42BA-BA96-7289D5D0FA4E): 1
LogDevObjectVersion:   Dev-MediaFramework (6F0ED827-A609-4895-9C91-998D90180EA4): 2
LogInit: Presizing for max 25165824 objects, including 0 objects not considered by GC, pre-allocating 0 bytes for permanent pool.
LogConfig: Applying CVar settings from Section [/Script/Engine.StreamingSettings] File [C:/Users/ADMIN/Documents/62070025/Cyber_revengers/Saved/Config/Windows/Engine.ini]
LogConfig: Setting CVar [[s.MinBulkDataSizeForAsyncLoading:131072]]
LogConfig: Setting CVar [[s.AsyncLoadingThreadEnabled:0]]
LogConfig: Setting CVar [[s.EventDrivenLoaderEnabled:1]]
LogConfig: Setting CVar [[s.WarnIfTimeLimitExceeded:0]]
LogConfig: Setting CVar [[s.TimeLimitExceededMultiplier:1.5]]
LogConfig: Setting CVar [[s.TimeLimitExceededMinTime:0.005]]
LogConfig: Setting CVar [[s.UseBackgroundLevelStreaming:1]]
LogConfig: Setting CVar [[s.PriorityAsyncLoadingExtraTime:15.0]]
LogConfig: Setting CVar [[s.LevelStreamingActorsUpdateTimeLimit:5.0]]
LogConfig: Setting CVar [[s.PriorityLevelStreamingActorsUpdateExtraTime:5.0]]
LogConfig: Setting CVar [[s.LevelStreamingComponentsRegistrationGranularity:10]]
LogConfig: Setting CVar [[s.UnregisterComponentsTimeLimit:1.0]]
LogConfig: Setting CVar [[s.LevelStreamingComponentsUnregistrationGranularity:5]]
LogConfig: Setting CVar [[s.FlushStreamingOnExit:1]]
LogInit: Object subsystem initialized
LogConfig: Setting CVar [[con.DebugEarlyDefault:1]]
LogConfig: Setting CVar [[r.setres:1280x720]]
[2022.05.08-13.20.27:610][  0]LogConfig: Setting CVar [[r.VSync:0]]
[2022.05.08-13.20.27:610][  0]LogConfig: Setting CVar [[r.RHICmdBypass:0]]
[2022.05.08-13.20.27:610][  0]LogConfig: Applying CVar settings from Section [/Script/Engine.RendererSettings] File [C:/Users/ADMIN/Documents/62070025/Cyber_revengers/Saved/Config/Windows/Engine.ini]
[2022.05.08-13.20.27:610][  0]LogConfig: Setting CVar [[r.GPUCrashDebugging:0]]
[2022.05.08-13.20.27:610][  0]LogConfig: Setting CVar [[r.MobileHDR:0]]
[2022.05.08-13.20.27:610][  0]LogConfig: Applying CVar settings from Section [/Script/Engine.RendererOverrideSettings] File [C:/Users/ADMIN/Documents/62070025/Cyber_revengers/Saved/Config/Windows/Engine.ini]
[2022.05.08-13.20.27:610][  0]LogConfig: Applying CVar settings from Section [/Script/Engine.StreamingSettings] File [C:/Users/ADMIN/Documents/62070025/Cyber_revengers/Saved/Config/Windows/Engine.ini]
[2022.05.08-13.20.27:610][  0]LogConfig: Setting CVar [[s.MinBulkDataSizeForAsyncLoading:131072]]
[2022.05.08-13.20.27:610][  0]LogConfig: Setting CVar [[s.AsyncLoadingThreadEnabled:0]]
[2022.05.08-13.20.27:610][  0]LogConfig: Setting CVar [[s.EventDrivenLoaderEnabled:1]]
[2022.05.08-13.20.27:610][  0]LogConfig: Setting CVar [[s.WarnIfTimeLimitExceeded:0]]
[2022.05.08-13.20.27:610][  0]LogConfig: Setting CVar [[s.TimeLimitExceededMultiplier:1.5]]
[2022.05.08-13.20.27:610][  0]LogConfig: Setting CVar [[s.TimeLimitExceededMinTime:0.005]]
[2022.05.08-13.20.27:610][  0]LogConfig: Setting CVar [[s.UseBackgroundLevelStreaming:1]]
[2022.05.08-13.20.27:610][  0]LogConfig: Setting CVar [[s.PriorityAsyncLoadingExtraTime:15.0]]
[2022.05.08-13.20.27:610][  0]LogConfig: Setting CVar [[s.LevelStreamingActorsUpdateTimeLimit:5.0]]
[2022.05.08-13.20.27:610][  0]LogConfig: Setting CVar [[s.PriorityLevelStreamingActorsUpdateExtraTime:5.0]]
[2022.05.08-13.20.27:610][  0]LogConfig: Setting CVar [[s.LevelStreamingComponentsRegistrationGranularity:10]]
[2022.05.08-13.20.27:610][  0]LogConfig: Setting CVar [[s.UnregisterComponentsTimeLimit:1.0]]
[2022.05.08-13.20.27:610][  0]LogConfig: Setting CVar [[s.LevelStreamingComponentsUnregistrationGranularity:5]]
[2022.05.08-13.20.27:611][  0]LogConfig: Setting CVar [[s.FlushStreamingOnExit:1]]
[2022.05.08-13.20.27:611][  0]LogConfig: Applying CVar settings from Section [/Script/Engine.GarbageCollectionSettings] File [C:/Users/ADMIN/Documents/62070025/Cyber_revengers/Saved/Config/Windows/Engine.ini]
[2022.05.08-13.20.27:611][  0]LogConfig: Setting CVar [[gc.MaxObjectsNotConsideredByGC:1]]
[2022.05.08-13.20.27:611][  0]LogConfig: Setting CVar [[gc.SizeOfPermanentObjectPool:0]]
[2022.05.08-13.20.27:611][  0]LogConfig: Setting CVar [[gc.FlushStreamingOnGC:0]]
[2022.05.08-13.20.27:611][  0]LogConfig: Setting CVar [[gc.NumRetriesBeforeForcingGC:10]]
[2022.05.08-13.20.27:611][  0]LogConfig: Setting CVar [[gc.AllowParallelGC:1]]
[2022.05.08-13.20.27:611][  0]LogConfig: Setting CVar [[gc.TimeBetweenPurgingPendingKillObjects:61.1]]
[2022.05.08-13.20.27:611][  0]LogConfig: Setting CVar [[gc.MaxObjectsInEditor:25165824]]
[2022.05.08-13.20.27:611][  0]LogConfig: Setting CVar [[gc.IncrementalBeginDestroyEnabled:1]]
[2022.05.08-13.20.27:611][  0]LogConfig: Setting CVar [[gc.CreateGCClusters:1]]
[2022.05.08-13.20.27:611][  0]LogConfig: Setting CVar [[gc.MinGCClusterSize:5]]
[2022.05.08-13.20.27:611][  0]LogConfig: Setting CVar [[gc.ActorClusteringEnabled:0]]
[2022.05.08-13.20.27:611][  0]LogConfig: Setting CVar [[gc.BlueprintClusteringEnabled:0]]
[2022.05.08-13.20.27:611][  0]LogConfig: Setting CVar [[gc.UseDisregardForGCOnDedicatedServers:0]]
[2022.05.08-13.20.27:611][  0]LogConfig: Setting CVar [[gc.MultithreadedDestructionEnabled:1]]
[2022.05.08-13.20.27:611][  0]LogConfig: Applying CVar settings from Section [/Script/Engine.NetworkSettings] File [C:/Users/ADMIN/Documents/62070025/Cyber_revengers/Saved/Config/Windows/Engine.ini]
[2022.05.08-13.20.27:611][  0]LogConfig: Applying CVar settings from Section [/Script/UnrealEd.CookerSettings] File [C:/Users/ADMIN/Documents/62070025/Cyber_revengers/Saved/Config/Windows/Engine.ini]
[2022.05.08-13.20.27:617][  0]LogConfig: Applying CVar settings from Section [ViewDistanceQuality@3] File [C:/Users/ADMIN/Documents/62070025/Cyber_revengers/Saved/Config/Windows/Scalability.ini]
[2022.05.08-13.20.27:617][  0]LogConfig: Setting CVar [[r.SkeletalMeshLODBias:0]]
[2022.05.08-13.20.27:617][  0]LogConfig: Setting CVar [[r.ViewDistanceScale:1.0]]
[2022.05.08-13.20.27:617][  0]LogConfig: Applying CVar settings from Section [AntiAliasingQuality@3] File [C:/Users/ADMIN/Documents/62070025/Cyber_revengers/Saved/Config/Windows/Scalability.ini]
[2022.05.08-13.20.27:617][  0]LogConfig: Setting CVar [[r.PostProcessAAQuality:4]]
[2022.05.08-13.20.27:617][  0]LogConfig: Applying CVar settings from Section [ShadowQuality@3] File [C:/Users/ADMIN/Documents/62070025/Cyber_revengers/Saved/Config/Windows/Scalability.ini]
[2022.05.08-13.20.27:617][  0]LogConfig: Setting CVar [[r.LightFunctionQuality:1]]
[2022.05.08-13.20.27:617][  0]LogConfig: Setting CVar [[r.ShadowQuality:5]]
[2022.05.08-13.20.27:617][  0]LogConfig: Setting CVar [[r.Shadow.CSM.MaxCascades:10]]
[2022.05.08-13.20.27:617][  0]LogConfig: Setting CVar [[r.Shadow.MaxResolution:2048]]
[2022.05.08-13.20.27:617][  0]LogConfig: Setting CVar [[r.Shadow.MaxCSMResolution:2048]]
[2022.05.08-13.20.27:617][  0]LogConfig: Setting CVar [[r.Shadow.RadiusThreshold:0.01]]
[2022.05.08-13.20.27:617][  0]LogConfig: Setting CVar [[r.Shadow.DistanceScale:1.0]]
[2022.05.08-13.20.27:617][  0]LogConfig: Setting CVar [[r.Shadow.CSM.TransitionScale:1.0]]
[2022.05.08-13.20.27:617][  0]LogConfig: Setting CVar [[r.Shadow.PreShadowResolutionFactor:1.0]]
[2022.05.08-13.20.27:617][  0]LogConfig: Setting CVar [[r.DistanceFieldShadowing:1]]
[2022.05.08-13.20.27:617][  0]LogConfig: Setting CVar [[r.DistanceFieldAO:1]]
[2022.05.08-13.20.27:617][  0]LogConfig: Setting CVar [[r.AOQuality:2]]
[2022.05.08-13.20.27:617][  0]LogConfig: Setting CVar [[r.VolumetricFog:1]]
[2022.05.08-13.20.27:617][  0]LogConfig: Setting CVar [[r.VolumetricFog.GridPixelSize:8]]
[2022.05.08-13.20.27:617][  0]LogConfig: Setting CVar [[r.VolumetricFog.GridSizeZ:128]]
[2022.05.08-13.20.27:617][  0]LogConfig: Setting CVar [[r.VolumetricFog.HistoryMissSupersampleCount:4]]
[2022.05.08-13.20.27:617][  0]LogConfig: Setting CVar [[r.LightMaxDrawDistanceScale:1]]
[2022.05.08-13.20.27:617][  0]LogConfig: Setting CVar [[r.CapsuleShadows:1]]
[2022.05.08-13.20.27:617][  0]LogConfig: Applying CVar settings from Section [PostProcessQuality@3] File [C:/Users/ADMIN/Documents/62070025/Cyber_revengers/Saved/Config/Windows/Scalability.ini]
[2022.05.08-13.20.27:617][  0]LogConfig: Setting CVar [[r.MotionBlurQuality:4]]
[2022.05.08-13.20.27:617][  0]LogConfig: Setting CVar [[r.AmbientOcclusionMipLevelFactor:0.4]]
[2022.05.08-13.20.27:617][  0]LogConfig: Setting CVar [[r.AmbientOcclusionMaxQuality:100]]
[2022.05.08-13.20.27:617][  0]LogConfig: Setting CVar [[r.AmbientOcclusionLevels:-1]]
[2022.05.08-13.20.27:617][  0]LogConfig: Setting CVar [[r.AmbientOcclusionRadiusScale:1.0]]
[2022.05.08-13.20.27:617][  0]LogConfig: Setting CVar [[r.DepthOfFieldQuality:2]]
[2022.05.08-13.20.27:617][  0]LogConfig: Setting CVar [[r.RenderTargetPoolMin:400]]
[2022.05.08-13.20.27:617][  0]LogConfig: Setting CVar [[r.LensFlareQuality:2]]
[2022.05.08-13.20.27:617][  0]LogConfig: Setting CVar [[r.SceneColorFringeQuality:1]]
[2022.05.08-13.20.27:617][  0]LogConfig: Setting CVar [[r.EyeAdaptationQuality:2]]
[2022.05.08-13.20.27:617][  0]LogConfig: Setting CVar [[r.BloomQuality:5]]
[2022.05.08-13.20.27:617][  0]LogConfig: Setting CVar [[r.FastBlurThreshold:100]]
[2022.05.08-13.20.27:617][  0]LogConfig: Setting CVar [[r.Upscale.Quality:3]]
[2022.05.08-13.20.27:617][  0]LogConfig: Setting CVar [[r.Tonemapper.GrainQuantization:1]]
[2022.05.08-13.20.27:617][  0]LogConfig: Setting CVar [[r.LightShaftQuality:1]]
[2022.05.08-13.20.27:617][  0]LogConfig: Setting CVar [[r.Filter.SizeScale:1]]
[2022.05.08-13.20.27:617][  0]LogConfig: Setting CVar [[r.Tonemapper.Quality:5]]
[2022.05.08-13.20.27:617][  0]LogConfig: Setting CVar [[r.DOF.Gather.AccumulatorQuality:1        ; higher gathering accumulator quality]]
[2022.05.08-13.20.27:617][  0]LogConfig: Setting CVar [[r.DOF.Gather.PostfilterMethod:1          ; Median3x3 postfilering method]]
[2022.05.08-13.20.27:617][  0]LogConfig: Setting CVar [[r.DOF.Gather.EnableBokehSettings:0       ; no bokeh simulation when gathering]]
[2022.05.08-13.20.27:617][  0]LogConfig: Setting CVar [[r.DOF.Gather.RingCount:4                 ; medium number of samples when gathering]]
[2022.05.08-13.20.27:617][  0]LogConfig: Setting CVar [[r.DOF.Scatter.ForegroundCompositing:1    ; additive foreground scattering]]
[2022.05.08-13.20.27:618][  0]LogConfig: Setting CVar [[r.DOF.Scatter.BackgroundCompositing:2    ; additive background scattering]]
[2022.05.08-13.20.27:618][  0]LogConfig: Setting CVar [[r.DOF.Scatter.EnableBokehSettings:1      ; bokeh simulation when scattering]]
[2022.05.08-13.20.27:618][  0]LogConfig: Setting CVar [[r.DOF.Scatter.MaxSpriteRatio:0.1         ; only a maximum of 10% of scattered bokeh]]
[2022.05.08-13.20.27:618][  0]LogConfig: Setting CVar [[r.DOF.Recombine.Quality:1                ; cheap slight out of focus]]
[2022.05.08-13.20.27:618][  0]LogConfig: Setting CVar [[r.DOF.Recombine.EnableBokehSettings:0    ; no bokeh simulation on slight out of focus]]
[2022.05.08-13.20.27:618][  0]LogConfig: Setting CVar [[r.DOF.TemporalAAQuality:1                ; more stable temporal accumulation]]
[2022.05.08-13.20.27:618][  0]LogConfig: Setting CVar [[r.DOF.Kernel.MaxForegroundRadius:0.025]]
[2022.05.08-13.20.27:618][  0]LogConfig: Setting CVar [[r.DOF.Kernel.MaxBackgroundRadius:0.025]]
[2022.05.08-13.20.27:618][  0]LogConfig: Applying CVar settings from Section [TextureQuality@3] File [C:/Users/ADMIN/Documents/62070025/Cyber_revengers/Saved/Config/Windows/Scalability.ini]
[2022.05.08-13.20.27:618][  0]LogConfig: Setting CVar [[r.Streaming.MipBias:0]]
[2022.05.08-13.20.27:618][  0]LogConfig: Setting CVar [[r.Streaming.AmortizeCPUToGPUCopy:0]]
[2022.05.08-13.20.27:618][  0]LogConfig: Setting CVar [[r.Streaming.MaxNumTexturesToStreamPerFrame:0]]
[2022.05.08-13.20.27:618][  0]LogConfig: Setting CVar [[r.Streaming.Boost:1]]
[2022.05.08-13.20.27:618][  0]LogConfig: Setting CVar [[r.MaxAnisotropy:8]]
[2022.05.08-13.20.27:618][  0]LogConfig: Setting CVar [[r.VT.MaxAnisotropy:8]]
[2022.05.08-13.20.27:618][  0]LogConfig: Setting CVar [[r.Streaming.LimitPoolSizeToVRAM:0]]
[2022.05.08-13.20.27:618][  0]LogConfig: Setting CVar [[r.Streaming.PoolSize:1000]]
[2022.05.08-13.20.27:618][  0]LogConfig: Setting CVar [[r.Streaming.MaxEffectiveScreenSize:0]]
[2022.05.08-13.20.27:618][  0]LogConfig: Applying CVar settings from Section [EffectsQuality@3] File [C:/Users/ADMIN/Documents/62070025/Cyber_revengers/Saved/Config/Windows/Scalability.ini]
[2022.05.08-13.20.27:618][  0]LogConfig: Setting CVar [[r.TranslucencyLightingVolumeDim:64]]
[2022.05.08-13.20.27:618][  0]LogConfig: Setting CVar [[r.RefractionQuality:2]]
[2022.05.08-13.20.27:618][  0]LogConfig: Setting CVar [[r.SSR.Quality:3]]
[2022.05.08-13.20.27:618][  0]LogConfig: Setting CVar [[r.SSR.HalfResSceneColor:0]]
[2022.05.08-13.20.27:618][  0]LogConfig: Setting CVar [[r.SceneColorFormat:4]]
[2022.05.08-13.20.27:618][  0]LogConfig: Setting CVar [[r.DetailMode:2]]
[2022.05.08-13.20.27:618][  0]LogConfig: Setting CVar [[r.TranslucencyVolumeBlur:1]]
[2022.05.08-13.20.27:618][  0]LogConfig: Setting CVar [[r.MaterialQualityLevel:1 ; High quality]]
[2022.05.08-13.20.27:618][  0]LogConfig: Setting CVar [[r.AnisotropicMaterials:1]]
[2022.05.08-13.20.27:618][  0]LogConfig: Setting CVar [[r.SSS.Scale:1]]
[2022.05.08-13.20.27:618][  0]LogConfig: Setting CVar [[r.SSS.SampleSet:2]]
[2022.05.08-13.20.27:618][  0]LogConfig: Setting CVar [[r.SSS.Quality:1]]
[2022.05.08-13.20.27:618][  0]LogConfig: Setting CVar [[r.SSS.HalfRes:0]]
[2022.05.08-13.20.27:618][  0]LogConfig: Setting CVar [[r.SSGI.Quality:3]]
[2022.05.08-13.20.27:618][  0]LogConfig: Setting CVar [[r.EmitterSpawnRateScale:1.0]]
[2022.05.08-13.20.27:618][  0]LogConfig: Setting CVar [[r.ParticleLightQuality:2]]
[2022.05.08-13.20.27:618][  0]LogConfig: Setting CVar [[r.SkyAtmosphere.AerialPerspectiveLUT.FastApplyOnOpaque:1 ; Always have FastSkyLUT 1 in this case to avoid wrong sky]]
[2022.05.08-13.20.27:618][  0]LogConfig: Setting CVar [[r.SkyAtmosphere.AerialPerspectiveLUT.SampleCountMaxPerSlice:4]]
[2022.05.08-13.20.27:618][  0]LogConfig: Setting CVar [[r.SkyAtmosphere.AerialPerspectiveLUT.DepthResolution:16.0]]
[2022.05.08-13.20.27:618][  0]LogConfig: Setting CVar [[r.SkyAtmosphere.FastSkyLUT:1]]
[2022.05.08-13.20.27:618][  0]LogConfig: Setting CVar [[r.SkyAtmosphere.FastSkyLUT.SampleCountMin:4.0]]
[2022.05.08-13.20.27:618][  0]LogConfig: Setting CVar [[r.SkyAtmosphere.FastSkyLUT.SampleCountMax:128.0]]
[2022.05.08-13.20.27:618][  0]LogConfig: Setting CVar [[r.SkyAtmosphere.SampleCountMin:4.0]]
[2022.05.08-13.20.27:618][  0]LogConfig: Setting CVar [[r.SkyAtmosphere.SampleCountMax:128.0]]
[2022.05.08-13.20.27:618][  0]LogConfig: Setting CVar [[r.SkyAtmosphere.TransmittanceLUT.UseSmallFormat:0]]
[2022.05.08-13.20.27:618][  0]LogConfig: Setting CVar [[r.SkyAtmosphere.TransmittanceLUT.SampleCount:10.0]]
[2022.05.08-13.20.27:618][  0]LogConfig: Setting CVar [[r.SkyAtmosphere.MultiScatteringLUT.SampleCount:15.0]]
[2022.05.08-13.20.27:618][  0]LogConfig: Setting CVar [[r.SkyLight.RealTimeReflectionCapture:1]]
[2022.05.08-13.20.27:618][  0]LogConfig: Applying CVar settings from Section [FoliageQuality@3] File [C:/Users/ADMIN/Documents/62070025/Cyber_revengers/Saved/Config/Windows/Scalability.ini]
[2022.05.08-13.20.27:618][  0]LogConfig: Setting CVar [[foliage.DensityScale:1.0]]
[2022.05.08-13.20.27:618][  0]LogConfig: Setting CVar [[grass.DensityScale:1.0]]
[2022.05.08-13.20.27:618][  0]LogConfig: Applying CVar settings from Section [ShadingQuality@3] File [C:/Users/ADMIN/Documents/62070025/Cyber_revengers/Saved/Config/Windows/Scalability.ini]
[2022.05.08-13.20.27:618][  0]LogConfig: Setting CVar [[r.HairStrands.SkyLighting.IntegrationType:2]]
[2022.05.08-13.20.27:618][  0]LogConfig: Setting CVar [[r.HairStrands.SkyAO.SampleCount:4]]
[2022.05.08-13.20.27:618][  0]LogConfig: Setting CVar [[r.HairStrands.Visibility.MSAA.SamplePerPixel:4]]
[2022.05.08-13.20.27:618][  0]LogInit: Selected Device Profile: [Windows]
[2022.05.08-13.20.27:618][  0]LogInit: Applying CVar settings loaded from the selected device profile: [Windows]
[2022.05.08-13.20.27:618][  0]LogHAL: Display: Platform has ~ 16 GB [16991309824 / 17179869184 / 16], which maps to Larger [LargestMinGB=32, LargerMinGB=12, DefaultMinGB=8, SmallerMinGB=6, SmallestMinGB=0)
[2022.05.08-13.20.27:618][  0]LogInit: Going up to parent DeviceProfile []
[2022.05.08-13.20.27:618][  0]LogConfig: Applying CVar settings from Section [ViewDistanceQuality@3] File [C:/Users/ADMIN/Documents/62070025/Cyber_revengers/Saved/Config/Windows/Scalability.ini]
[2022.05.08-13.20.27:618][  0]LogConfig: Setting CVar [[r.SkeletalMeshLODBias:0]]
[2022.05.08-13.20.27:618][  0]LogConfig: Setting CVar [[r.ViewDistanceScale:1.0]]
[2022.05.08-13.20.27:618][  0]LogConfig: Applying CVar settings from Section [AntiAliasingQuality@3] File [C:/Users/ADMIN/Documents/62070025/Cyber_revengers/Saved/Config/Windows/Scalability.ini]
[2022.05.08-13.20.27:618][  0]LogConfig: Setting CVar [[r.PostProcessAAQuality:4]]
[2022.05.08-13.20.27:618][  0]LogConfig: Applying CVar settings from Section [ShadowQuality@3] File [C:/Users/ADMIN/Documents/62070025/Cyber_revengers/Saved/Config/Windows/Scalability.ini]
[2022.05.08-13.20.27:618][  0]LogConfig: Setting CVar [[r.LightFunctionQuality:1]]
[2022.05.08-13.20.27:618][  0]LogConfig: Setting CVar [[r.ShadowQuality:5]]
[2022.05.08-13.20.27:618][  0]LogConfig: Setting CVar [[r.Shadow.CSM.MaxCascades:10]]
[2022.05.08-13.20.27:618][  0]LogConfig: Setting CVar [[r.Shadow.MaxResolution:2048]]
[2022.05.08-13.20.27:618][  0]LogConfig: Setting CVar [[r.Shadow.MaxCSMResolution:2048]]
[2022.05.08-13.20.27:618][  0]LogConfig: Setting CVar [[r.Shadow.RadiusThreshold:0.01]]
[2022.05.08-13.20.27:618][  0]LogConfig: Setting CVar [[r.Shadow.DistanceScale:1.0]]
[2022.05.08-13.20.27:618][  0]LogConfig: Setting CVar [[r.Shadow.CSM.TransitionScale:1.0]]
[2022.05.08-13.20.27:618][  0]LogConfig: Setting CVar [[r.Shadow.PreShadowResolutionFactor:1.0]]
[2022.05.08-13.20.27:618][  0]LogConfig: Setting CVar [[r.DistanceFieldShadowing:1]]
[2022.05.08-13.20.27:618][  0]LogConfig: Setting CVar [[r.DistanceFieldAO:1]]
[2022.05.08-13.20.27:618][  0]LogConfig: Setting CVar [[r.AOQuality:2]]
[2022.05.08-13.20.27:618][  0]LogConfig: Setting CVar [[r.VolumetricFog:1]]
[2022.05.08-13.20.27:618][  0]LogConfig: Setting CVar [[r.VolumetricFog.GridPixelSize:8]]
[2022.05.08-13.20.27:618][  0]LogConfig: Setting CVar [[r.VolumetricFog.GridSizeZ:128]]
[2022.05.08-13.20.27:618][  0]LogConfig: Setting CVar [[r.VolumetricFog.HistoryMissSupersampleCount:4]]
[2022.05.08-13.20.27:618][  0]LogConfig: Setting CVar [[r.LightMaxDrawDistanceScale:1]]
[2022.05.08-13.20.27:618][  0]LogConfig: Setting CVar [[r.CapsuleShadows:1]]
[2022.05.08-13.20.27:618][  0]LogConfig: Applying CVar settings from Section [PostProcessQuality@3] File [C:/Users/ADMIN/Documents/62070025/Cyber_revengers/Saved/Config/Windows/Scalability.ini]
[2022.05.08-13.20.27:618][  0]LogConfig: Setting CVar [[r.MotionBlurQuality:4]]
[2022.05.08-13.20.27:618][  0]LogConfig: Setting CVar [[r.AmbientOcclusionMipLevelFactor:0.4]]
[2022.05.08-13.20.27:618][  0]LogConfig: Setting CVar [[r.AmbientOcclusionMaxQuality:100]]
[2022.05.08-13.20.27:618][  0]LogConfig: Setting CVar [[r.AmbientOcclusionLevels:-1]]
[2022.05.08-13.20.27:618][  0]LogConfig: Setting CVar [[r.AmbientOcclusionRadiusScale:1.0]]
[2022.05.08-13.20.27:618][  0]LogConfig: Setting CVar [[r.DepthOfFieldQuality:2]]
[2022.05.08-13.20.27:618][  0]LogConfig: Setting CVar [[r.RenderTargetPoolMin:400]]
[2022.05.08-13.20.27:618][  0]LogConfig: Setting CVar [[r.LensFlareQuality:2]]
[2022.05.08-13.20.27:618][  0]LogConfig: Setting CVar [[r.SceneColorFringeQuality:1]]
[2022.05.08-13.20.27:618][  0]LogConfig: Setting CVar [[r.EyeAdaptationQuality:2]]
[2022.05.08-13.20.27:618][  0]LogConfig: Setting CVar [[r.BloomQuality:5]]
[2022.05.08-13.20.27:618][  0]LogConfig: Setting CVar [[r.FastBlurThreshold:100]]
[2022.05.08-13.20.27:618][  0]LogConfig: Setting CVar [[r.Upscale.Quality:3]]
[2022.05.08-13.20.27:618][  0]LogConfig: Setting CVar [[r.Tonemapper.GrainQuantization:1]]
[2022.05.08-13.20.27:618][  0]LogConfig: Setting CVar [[r.LightShaftQuality:1]]
[2022.05.08-13.20.27:618][  0]LogConfig: Setting CVar [[r.Filter.SizeScale:1]]
[2022.05.08-13.20.27:618][  0]LogConfig: Setting CVar [[r.Tonemapper.Quality:5]]
[2022.05.08-13.20.27:618][  0]LogConfig: Setting CVar [[r.DOF.Gather.AccumulatorQuality:1        ; higher gathering accumulator quality]]
[2022.05.08-13.20.27:618][  0]LogConfig: Setting CVar [[r.DOF.Gather.PostfilterMethod:1          ; Median3x3 postfilering method]]
[2022.05.08-13.20.27:618][  0]LogConfig: Setting CVar [[r.DOF.Gather.EnableBokehSettings:0       ; no bokeh simulation when gathering]]
[2022.05.08-13.20.27:618][  0]LogConfig: Setting CVar [[r.DOF.Gather.RingCount:4                 ; medium number of samples when gathering]]
[2022.05.08-13.20.27:618][  0]LogConfig: Setting CVar [[r.DOF.Scatter.ForegroundCompositing:1    ; additive foreground scattering]]
[2022.05.08-13.20.27:618][  0]LogConfig: Setting CVar [[r.DOF.Scatter.BackgroundCompositing:2    ; additive background scattering]]
[2022.05.08-13.20.27:618][  0]LogConfig: Setting CVar [[r.DOF.Scatter.EnableBokehSettings:1      ; bokeh simulation when scattering]]
[2022.05.08-13.20.27:619][  0]LogConfig: Setting CVar [[r.DOF.Scatter.MaxSpriteRatio:0.1         ; only a maximum of 10% of scattered bokeh]]
[2022.05.08-13.20.27:619][  0]LogConfig: Setting CVar [[r.DOF.Recombine.Quality:1                ; cheap slight out of focus]]
[2022.05.08-13.20.27:619][  0]LogConfig: Setting CVar [[r.DOF.Recombine.EnableBokehSettings:0    ; no bokeh simulation on slight out of focus]]
[2022.05.08-13.20.27:619][  0]LogConfig: Setting CVar [[r.DOF.TemporalAAQuality:1                ; more stable temporal accumulation]]
[2022.05.08-13.20.27:619][  0]LogConfig: Setting CVar [[r.DOF.Kernel.MaxForegroundRadius:0.025]]
[2022.05.08-13.20.27:619][  0]LogConfig: Setting CVar [[r.DOF.Kernel.MaxBackgroundRadius:0.025]]
[2022.05.08-13.20.27:619][  0]LogConfig: Applying CVar settings from Section [TextureQuality@3] File [C:/Users/ADMIN/Documents/62070025/Cyber_revengers/Saved/Config/Windows/Scalability.ini]
[2022.05.08-13.20.27:619][  0]LogConfig: Setting CVar [[r.Streaming.MipBias:0]]
[2022.05.08-13.20.27:619][  0]LogConfig: Setting CVar [[r.Streaming.AmortizeCPUToGPUCopy:0]]
[2022.05.08-13.20.27:619][  0]LogConfig: Setting CVar [[r.Streaming.MaxNumTexturesToStreamPerFrame:0]]
[2022.05.08-13.20.27:619][  0]LogConfig: Setting CVar [[r.Streaming.Boost:1]]
[2022.05.08-13.20.27:619][  0]LogConfig: Setting CVar [[r.MaxAnisotropy:8]]
[2022.05.08-13.20.27:619][  0]LogConfig: Setting CVar [[r.VT.MaxAnisotropy:8]]
[2022.05.08-13.20.27:619][  0]LogConfig: Setting CVar [[r.Streaming.LimitPoolSizeToVRAM:0]]
[2022.05.08-13.20.27:619][  0]LogConfig: Setting CVar [[r.Streaming.PoolSize:1000]]
[2022.05.08-13.20.27:619][  0]LogConfig: Setting CVar [[r.Streaming.MaxEffectiveScreenSize:0]]
[2022.05.08-13.20.27:619][  0]LogConfig: Applying CVar settings from Section [EffectsQuality@3] File [C:/Users/ADMIN/Documents/62070025/Cyber_revengers/Saved/Config/Windows/Scalability.ini]
[2022.05.08-13.20.27:619][  0]LogConfig: Setting CVar [[r.TranslucencyLightingVolumeDim:64]]
[2022.05.08-13.20.27:619][  0]LogConfig: Setting CVar [[r.RefractionQuality:2]]
[2022.05.08-13.20.27:619][  0]LogConfig: Setting CVar [[r.SSR.Quality:3]]
[2022.05.08-13.20.27:619][  0]LogConfig: Setting CVar [[r.SSR.HalfResSceneColor:0]]
[2022.05.08-13.20.27:619][  0]LogConfig: Setting CVar [[r.SceneColorFormat:4]]
[2022.05.08-13.20.27:619][  0]LogConfig: Setting CVar [[r.DetailMode:2]]
[2022.05.08-13.20.27:619][  0]LogConfig: Setting CVar [[r.TranslucencyVolumeBlur:1]]
[2022.05.08-13.20.27:619][  0]LogConfig: Setting CVar [[r.MaterialQualityLevel:1 ; High quality]]
[2022.05.08-13.20.27:619][  0]LogConfig: Setting CVar [[r.AnisotropicMaterials:1]]
[2022.05.08-13.20.27:619][  0]LogConfig: Setting CVar [[r.SSS.Scale:1]]
[2022.05.08-13.20.27:619][  0]LogConfig: Setting CVar [[r.SSS.SampleSet:2]]
[2022.05.08-13.20.27:619][  0]LogConfig: Setting CVar [[r.SSS.Quality:1]]
[2022.05.08-13.20.27:619][  0]LogConfig: Setting CVar [[r.SSS.HalfRes:0]]
[2022.05.08-13.20.27:619][  0]LogConfig: Setting CVar [[r.SSGI.Quality:3]]
[2022.05.08-13.20.27:619][  0]LogConfig: Setting CVar [[r.EmitterSpawnRateScale:1.0]]
[2022.05.08-13.20.27:619][  0]LogConfig: Setting CVar [[r.ParticleLightQuality:2]]
[2022.05.08-13.20.27:619][  0]LogConfig: Setting CVar [[r.SkyAtmosphere.AerialPerspectiveLUT.FastApplyOnOpaque:1 ; Always have FastSkyLUT 1 in this case to avoid wrong sky]]
[2022.05.08-13.20.27:619][  0]LogConfig: Setting CVar [[r.SkyAtmosphere.AerialPerspectiveLUT.SampleCountMaxPerSlice:4]]
[2022.05.08-13.20.27:619][  0]LogConfig: Setting CVar [[r.SkyAtmosphere.AerialPerspectiveLUT.DepthResolution:16.0]]
[2022.05.08-13.20.27:619][  0]LogConfig: Setting CVar [[r.SkyAtmosphere.FastSkyLUT:1]]
[2022.05.08-13.20.27:619][  0]LogConfig: Setting CVar [[r.SkyAtmosphere.FastSkyLUT.SampleCountMin:4.0]]
[2022.05.08-13.20.27:619][  0]LogConfig: Setting CVar [[r.SkyAtmosphere.FastSkyLUT.SampleCountMax:128.0]]
[2022.05.08-13.20.27:619][  0]LogConfig: Setting CVar [[r.SkyAtmosphere.SampleCountMin:4.0]]
[2022.05.08-13.20.27:619][  0]LogConfig: Setting CVar [[r.SkyAtmosphere.SampleCountMax:128.0]]
[2022.05.08-13.20.27:619][  0]LogConfig: Setting CVar [[r.SkyAtmosphere.TransmittanceLUT.UseSmallFormat:0]]
[2022.05.08-13.20.27:619][  0]LogConfig: Setting CVar [[r.SkyAtmosphere.TransmittanceLUT.SampleCount:10.0]]
[2022.05.08-13.20.27:619][  0]LogConfig: Setting CVar [[r.SkyAtmosphere.MultiScatteringLUT.SampleCount:15.0]]
[2022.05.08-13.20.27:619][  0]LogConfig: Setting CVar [[r.SkyLight.RealTimeReflectionCapture:1]]
[2022.05.08-13.20.27:619][  0]LogConfig: Applying CVar settings from Section [FoliageQuality@3] File [C:/Users/ADMIN/Documents/62070025/Cyber_revengers/Saved/Config/Windows/Scalability.ini]
[2022.05.08-13.20.27:619][  0]LogConfig: Setting CVar [[foliage.DensityScale:1.0]]
[2022.05.08-13.20.27:619][  0]LogConfig: Setting CVar [[grass.DensityScale:1.0]]
[2022.05.08-13.20.27:619][  0]LogConfig: Applying CVar settings from Section [ShadingQuality@3] File [C:/Users/ADMIN/Documents/62070025/Cyber_revengers/Saved/Config/Windows/Scalability.ini]
[2022.05.08-13.20.27:619][  0]LogConfig: Setting CVar [[r.HairStrands.SkyLighting.IntegrationType:2]]
[2022.05.08-13.20.27:619][  0]LogConfig: Setting CVar [[r.HairStrands.SkyAO.SampleCount:4]]
[2022.05.08-13.20.27:619][  0]LogConfig: Setting CVar [[r.HairStrands.Visibility.MSAA.SamplePerPixel:4]]
[2022.05.08-13.20.27:619][  0]LogConfig: Applying CVar settings from Section [Startup] File [../../../Engine/Config/ConsoleVariables.ini]
[2022.05.08-13.20.27:619][  0]LogConfig: Setting CVar [[net.UseAdaptiveNetUpdateFrequency:0]]
[2022.05.08-13.20.27:620][  0]LogConfig: Setting CVar [[p.chaos.AllowCreatePhysxBodies:1]]
[2022.05.08-13.20.27:620][  0]LogConfig: Setting CVar [[fx.SkipVectorVMBackendOptimizations:1]]
[2022.05.08-13.20.27:620][  0]LogConfig: Applying CVar settings from Section [ConsoleVariables] File [C:/Users/ADMIN/Documents/62070025/Cyber_revengers/Saved/Config/Windows/Engine.ini]
[2022.05.08-13.20.27:620][  0]LogConfig: Applying CVar settings from Section [ConsoleVariables] File [C:/Users/ADMIN/Documents/62070025/Cyber_revengers/Saved/Config/Windows/Editor.ini]
[2022.05.08-13.20.27:620][  0]LogInit: Computer: MSI
[2022.05.08-13.20.27:620][  0]LogInit: User: ADMIN
[2022.05.08-13.20.27:620][  0]LogInit: CPU Page size=4096, Cores=6
[2022.05.08-13.20.27:620][  0]LogInit: High frequency timer resolution =10.000000 MHz
[2022.05.08-13.20.27:620][  0]LogMemory: Memory total: Physical=15.8GB (16GB approx)
[2022.05.08-13.20.27:620][  0]LogMemory: Platform Memory Stats for Windows
[2022.05.08-13.20.27:620][  0]LogMemory: Process Physical Memory: 143.85 MB used, 143.85 MB peak
[2022.05.08-13.20.27:620][  0]LogMemory: Process Virtual Memory: 122.01 MB used, 122.01 MB peak
[2022.05.08-13.20.27:620][  0]LogMemory: Physical Memory: 12834.30 MB used,  3369.88 MB free, 16204.18 MB total
[2022.05.08-13.20.27:620][  0]LogMemory: Virtual Memory: 134206560.00 MB used,  11164.73 MB free, 134217728.00 MB total
[2022.05.08-13.20.27:675][  0]LogWindows: WindowsPlatformFeatures enabled
[2022.05.08-13.20.27:706][  0]LogInit: Physics initialised using underlying interface: PhysX
[2022.05.08-13.20.27:707][  0]LogInit: Using OS detected language (en-US).
[2022.05.08-13.20.27:707][  0]LogInit: Using OS detected locale (th-TH).
[2022.05.08-13.20.27:711][  0]LogTextLocalizationManager: No specific localization for 'en-US' exists, so the 'en' localization will be used.
[2022.05.08-13.20.27:871][  0]LogInit: Setting process to per monitor DPI aware
[2022.05.08-13.20.27:882][  0]LogWindowsTextInputMethodSystem: Display: IME system deactivated.
[2022.05.08-13.20.27:892][  0]LogSlate: New Slate User Created.  User Index 0, Is Virtual User: 0
[2022.05.08-13.20.27:892][  0]LogSlate: Slate User Registered.  User Index 0, Is Virtual User: 0
[2022.05.08-13.20.27:991][  0]LogD3D11RHI: Loaded GFSDK_Aftermath_Lib.x64.dll
[2022.05.08-13.20.28:037][  0]LogHMD: Failed to initialize OpenVR with code 110
[2022.05.08-13.20.28:037][  0]LogD3D11RHI: D3D11 min allowed feature level: 11_0
[2022.05.08-13.20.28:037][  0]LogD3D11RHI: D3D11 max allowed feature level: 11_0
[2022.05.08-13.20.28:037][  0]LogD3D11RHI: D3D11 adapters:
[2022.05.08-13.20.28:147][  0]LogD3D11RHI:    0. 'NVIDIA GeForce RTX 2060' (Feature Level 11_0)
[2022.05.08-13.20.28:147][  0]LogD3D11RHI:       5980/0/8102 MB DedicatedVideo/DedicatedSystem/SharedSystem, Outputs:2, VendorId:0x10de
[2022.05.08-13.20.28:182][  0]LogD3D11RHI:    1. 'Intel(R) UHD Graphics' (Feature Level 11_0)
[2022.05.08-13.20.28:182][  0]LogD3D11RHI:       128/0/8102 MB DedicatedVideo/DedicatedSystem/SharedSystem, Outputs:0, VendorId:0x8086
[2022.05.08-13.20.28:184][  0]LogD3D11RHI:    2. 'Microsoft Basic Render Driver' (Feature Level 11_0)
[2022.05.08-13.20.28:184][  0]LogD3D11RHI:       0/0/8102 MB DedicatedVideo/DedicatedSystem/SharedSystem, Outputs:0, VendorId:0x1414
[2022.05.08-13.20.28:184][  0]LogD3D11RHI: Chosen D3D11 Adapter:
[2022.05.08-13.20.28:184][  0]LogD3D11RHI:     Description : NVIDIA GeForce RTX 2060
[2022.05.08-13.20.28:184][  0]LogD3D11RHI:     VendorId    : 10de
[2022.05.08-13.20.28:184][  0]LogD3D11RHI:     DeviceId    : 1f15
[2022.05.08-13.20.28:184][  0]LogD3D11RHI:     SubSysId    : 12a71462
[2022.05.08-13.20.28:184][  0]LogD3D11RHI:     Revision    : 00a1
[2022.05.08-13.20.28:184][  0]LogD3D11RHI:     DedicatedVideoMemory : 6270484480 bytes
[2022.05.08-13.20.28:184][  0]LogD3D11RHI:     DedicatedSystemMemory : 0 bytes
[2022.05.08-13.20.28:184][  0]LogD3D11RHI:     SharedSystemMemory : 8495654912 bytes
[2022.05.08-13.20.28:184][  0]LogD3D11RHI:     AdapterLuid : 0 65415
[2022.05.08-13.20.28:191][  0]LogD3D11RHI: Creating new Direct3DDevice
[2022.05.08-13.20.28:191][  0]LogD3D11RHI:     GPU DeviceId: 0x1f15 (for the marketing name, search the web for "GPU Device Id")
[2022.05.08-13.20.28:191][  0]LogWindows: EnumDisplayDevices:
[2022.05.08-13.20.28:191][  0]LogWindows:    0. 'Intel(R) UHD Graphics' (P:1 D:1)
[2022.05.08-13.20.28:191][  0]LogWindows:    1. 'Intel(R) UHD Graphics' (P:0 D:0)
[2022.05.08-13.20.28:191][  0]LogWindows:    2. 'Intel(R) UHD Graphics' (P:0 D:0)
[2022.05.08-13.20.28:191][  0]LogWindows:    3. 'NVIDIA GeForce RTX 2060' (P:0 D:1)
[2022.05.08-13.20.28:191][  0]LogWindows: DebugString: PrimaryIsNotTheChoosenAdapter PrimaryIsNotTheChoosenAdapter PrimaryIsNotTheChoosenAdapter 
[2022.05.08-13.20.28:191][  0]LogD3D11RHI:     Adapter Name: NVIDIA GeForce RTX 2060
[2022.05.08-13.20.28:191][  0]LogD3D11RHI:   Driver Version: 496.76 (internal:30.0.14.9676, unified:496.76)
[2022.05.08-13.20.28:191][  0]LogD3D11RHI:      Driver Date: 11-9-2021
[2022.05.08-13.20.28:191][  0]LogRHI: Texture pool is 4186 MB (70% of 5980 MB)
[2022.05.08-13.20.28:191][  0]LogD3D11RHI: Creating D3DDevice using adapter:
[2022.05.08-13.20.28:191][  0]LogD3D11RHI:     Description : NVIDIA GeForce RTX 2060
[2022.05.08-13.20.28:191][  0]LogD3D11RHI:     VendorId    : 10de
[2022.05.08-13.20.28:191][  0]LogD3D11RHI:     DeviceId    : 1f15
[2022.05.08-13.20.28:191][  0]LogD3D11RHI:     SubSysId    : 12a71462
[2022.05.08-13.20.28:191][  0]LogD3D11RHI:     Revision    : 00a1
[2022.05.08-13.20.28:191][  0]LogD3D11RHI:     DedicatedVideoMemory : 6270484480 bytes
[2022.05.08-13.20.28:191][  0]LogD3D11RHI:     DedicatedSystemMemory : 0 bytes
[2022.05.08-13.20.28:191][  0]LogD3D11RHI:     SharedSystemMemory : 8495654912 bytes
[2022.05.08-13.20.28:191][  0]LogD3D11RHI:     AdapterLuid : 0 65415
[2022.05.08-13.20.28:246][  0]LogD3D11RHI: RHI has support for 64 bit atomics
[2022.05.08-13.20.28:246][  0]LogD3D11RHI: Async texture creation enabled
[2022.05.08-13.20.28:246][  0]LogD3D11RHI: Array index from any shader is supported
[2022.05.08-13.20.28:275][  0]LogD3D11RHI: GPU Timing Frequency: 1000.000000 (Debug: 2 2)
[2022.05.08-13.20.28:306][  0]LogRHI: GeForceNow SDK initialized: 1
[2022.05.08-13.20.28:546][  0]LogTargetPlatformManager: Display: Loaded TargetPlatform 'AllDesktop'
[2022.05.08-13.20.28:567][  0]LogTargetPlatformManager: Display: Loaded TargetPlatform 'Android'
[2022.05.08-13.20.28:567][  0]LogTargetPlatformManager: Display: Loaded TargetPlatform 'Android_ASTC'
[2022.05.08-13.20.28:567][  0]LogTargetPlatformManager: Display: Loaded TargetPlatform 'Android_DXT'
[2022.05.08-13.20.28:567][  0]LogTargetPlatformManager: Display: Loaded TargetPlatform 'Android_ETC2'
[2022.05.08-13.20.28:567][  0]LogTargetPlatformManager: Display: Loaded TargetPlatform 'AndroidClient'
[2022.05.08-13.20.28:567][  0]LogTargetPlatformManager: Display: Loaded TargetPlatform 'Android_ASTCClient'
[2022.05.08-13.20.28:567][  0]LogTargetPlatformManager: Display: Loaded TargetPlatform 'Android_DXTClient'
[2022.05.08-13.20.28:567][  0]LogTargetPlatformManager: Display: Loaded TargetPlatform 'Android_ETC2Client'
[2022.05.08-13.20.28:567][  0]LogTargetPlatformManager: Display: Loaded TargetPlatform 'Android_Multi'
[2022.05.08-13.20.28:567][  0]LogTargetPlatformManager: Display: Loaded TargetPlatform 'Android_MultiClient'
[2022.05.08-13.20.28:584][  0]LogTargetPlatformManager: Display: Loaded TargetPlatform 'IOSClient'
[2022.05.08-13.20.28:584][  0]LogTargetPlatformManager: Display: Loaded TargetPlatform 'IOS'
[2022.05.08-13.20.28:593][  0]LogTargetPlatformManager: Display: Loaded TargetPlatform 'Linux'
[2022.05.08-13.20.28:597][  0]LogTargetPlatformManager: Display: Loaded TargetPlatform 'LinuxNoEditor'
[2022.05.08-13.20.28:601][  0]LogTargetPlatformManager: Display: Loaded TargetPlatform 'LinuxClient'
[2022.05.08-13.20.28:605][  0]LogTargetPlatformManager: Display: Loaded TargetPlatform 'LinuxServer'
[2022.05.08-13.20.28:615][  0]LogTargetPlatformManager: Display: Loaded TargetPlatform 'LinuxAArch64NoEditor'
[2022.05.08-13.20.28:618][  0]LogTargetPlatformManager: Display: Loaded TargetPlatform 'LinuxAArch64Client'
[2022.05.08-13.20.28:622][  0]LogTargetPlatformManager: Display: Loaded TargetPlatform 'LinuxAArch64Server'
[2022.05.08-13.20.28:648][  0]LogTargetPlatformManager: Display: Loaded TargetPlatform 'Lumin'
[2022.05.08-13.20.28:648][  0]LogTargetPlatformManager: Display: Loaded TargetPlatform 'LuminClient'
[2022.05.08-13.20.28:658][  0]LogTargetPlatformManager: Display: Loaded TargetPlatform 'MacNoEditor'
[2022.05.08-13.20.28:662][  0]LogTargetPlatformManager: Display: Loaded TargetPlatform 'Mac'
[2022.05.08-13.20.28:666][  0]LogTargetPlatformManager: Display: Loaded TargetPlatform 'MacClient'
[2022.05.08-13.20.28:672][  0]LogTargetPlatformManager: Display: Loaded TargetPlatform 'MacServer'
[2022.05.08-13.20.28:685][  0]LogTargetPlatformManager: Display: Loaded TargetPlatform 'TVOSClient'
[2022.05.08-13.20.28:685][  0]LogTargetPlatformManager: Display: Loaded TargetPlatform 'TVOS'
[2022.05.08-13.20.28:695][  0]LogTargetPlatformManager: Display: Loaded TargetPlatform 'WindowsNoEditor'
[2022.05.08-13.20.28:699][  0]LogTargetPlatformManager: Display: Loaded TargetPlatform 'Windows'
[2022.05.08-13.20.28:704][  0]LogTargetPlatformManager: Display: Loaded TargetPlatform 'WindowsClient'
[2022.05.08-13.20.28:708][  0]LogTargetPlatformManager: Display: Loaded TargetPlatform 'WindowsServer'
[2022.05.08-13.20.28:708][  0]LogTargetPlatformManager: Display: Building Assets For Windows
[2022.05.08-13.20.28:714][  0]LogAudioDebug: Display: Lib vorbis DLL was dynamically loaded.
[2022.05.08-13.20.28:740][  0]LogTextureFormatOodle: Display: Oodle Texture 2.9.0 init RDO Off
[2022.05.08-13.20.28:766][  0]LogRendererCore: Ray tracing is disabled. Reason: r.RayTracing=0.
[2022.05.08-13.20.28:767][  0]LogShaderCompilers: Guid format shader working directory is -19 characters bigger than the processId version (../../../../../../Users/ADMIN/Documents/62070025/Cyber_revengers/Intermediate/Shaders/WorkingDirectory/12732/).
[2022.05.08-13.20.28:767][  0]LogShaderCompilers: Cleaned the shader compiler working directory 'C:/Users/ADMIN/AppData/Local/Temp/UnrealShaderWorkingDir/68310C154E96B8F84014CF95790A6382/'.
[2022.05.08-13.20.28:767][  0]LogXGEController: Cannot use XGE Controller as Incredibuild is not installed on this machine.
[2022.05.08-13.20.28:767][  0]LogShaderCompilers: Cannot use XGE Shader Compiler as Incredibuild is not installed on this machine.
[2022.05.08-13.20.28:767][  0]LogShaderCompilers: Display: Using Local Shader Compiler.
[2022.05.08-13.20.29:532][  0]LogDerivedDataCache: Display: Max Cache Size: 512 MB
[2022.05.08-13.20.29:584][  0]LogDerivedDataCache: Loaded boot cache 0.05s 94MB C:/Users/ADMIN/AppData/Local/UnrealEngine/4.27/DerivedDataCache/Boot.ddc.
[2022.05.08-13.20.29:584][  0]LogDerivedDataCache: Display: Loaded Boot cache: C:/Users/ADMIN/AppData/Local/UnrealEngine/4.27/DerivedDataCache/Boot.ddc
[2022.05.08-13.20.29:584][  0]LogDerivedDataCache: FDerivedDataBackendGraph:  Pak pak cache file ../../../../../../Users/ADMIN/Documents/62070025/Cyber_revengers/DerivedDataCache/DDC.ddp not found, will not use a pak cache.
[2022.05.08-13.20.29:584][  0]LogDerivedDataCache: Unable to find inner node Pak for hierarchical cache Hierarchy.
[2022.05.08-13.20.29:584][  0]LogDerivedDataCache: FDerivedDataBackendGraph:  CompressedPak pak cache file ../../../../../../Users/ADMIN/Documents/62070025/Cyber_revengers/DerivedDataCache/Compressed.ddp not found, will not use a pak cache.
[2022.05.08-13.20.29:584][  0]LogDerivedDataCache: Unable to find inner node CompressedPak for hierarchical cache Hierarchy.
[2022.05.08-13.20.29:600][  0]LogDerivedDataCache: Display: Pak cache opened for reading ../../../Engine/DerivedDataCache/Compressed.ddp.
[2022.05.08-13.20.29:600][  0]LogDerivedDataCache: FDerivedDataBackendGraph:  EnterprisePak pak cache file ../../../Enterprise/DerivedDataCache/Compressed.ddp not found, will not use a pak cache.
[2022.05.08-13.20.29:600][  0]LogDerivedDataCache: Unable to find inner node EnterprisePak for hierarchical cache Hierarchy.
[2022.05.08-13.20.29:607][  0]LogDerivedDataCache: Speed tests for C:/Users/ADMIN/AppData/Local/UnrealEngine/Common/DerivedDataCache took 0.01 seconds
[2022.05.08-13.20.29:607][  0]LogDerivedDataCache: Display: Performance to C:/Users/ADMIN/AppData/Local/UnrealEngine/Common/DerivedDataCache: Latency=0.02ms. RandomReadSpeed=329.29MBs, RandomWriteSpeed=259.72MBs. Assigned SpeedClass 'Local'
[2022.05.08-13.20.29:607][  0]LogDerivedDataCache: Using Local data cache path C:/Users/ADMIN/AppData/Local/UnrealEngine/Common/DerivedDataCache: Writable
[2022.05.08-13.20.29:608][  0]LogDerivedDataCache: Shared data cache path not found in *engine.ini, will not use an Shared cache.
[2022.05.08-13.20.29:608][  0]LogDerivedDataCache: Unable to find inner node Shared for hierarchical cache Hierarchy.
[2022.05.08-13.20.29:653][  0]LogSlate: Using FreeType 2.10.0
[2022.05.08-13.20.29:654][  0]LogSlate: SlateFontServices - WITH_FREETYPE: 1, WITH_HARFBUZZ: 1
[2022.05.08-13.20.29:675][  0]LogAssetRegistry: FAssetRegistry took 0.0033 seconds to start up
[2022.05.08-13.20.29:913][  0]LogInit: Selected Device Profile: [Windows]
[2022.05.08-13.20.29:913][  0]LogInit: Active device profile: [000001C9F1CD0700][000001C9E5286CC0 49] Windows
[2022.05.08-13.20.29:913][  0]LogInit: Profiles: [000001C9F1CD0700][000001C9E5286CC0 49] Windows, [000001C9F1C8F700][000001C9E528AE40 49] WindowsNoEditor, [000001C9F1CD3300][000001C9E528EFC0 49] WindowsServer, [000001C9F1C8CF00][000001C9E6A4F140 49] WindowsClient, [000001C9F1CD3500][000001C9E6A532C0 49] IOS, [000001C9F1C83F00][000001C9E6A57440 49] iPadAir, [000001C9F1C8FB00][000001C9E6A5B5C0 49] iPadAir2, [000001C9F1C3C500][000001C9E97DD880 49] IPadPro, [000001C9F1C3C600][000001C9E97D98C0 49] iPadAir3, [000001C9F1C80100][000001C9E97E1A40 49] iPadAir4, [000001C9F1C3EC00][000001C9E97E5BC0 49] iPadMini2, [000001C9F1C82500][000001C9E97E81C0 49] iPadMini3, [000001C9F1C3F400][000001C9E97EC340 49] iPadMini4, [000001C9F1C80F00][000001C9E97F04C0 49] iPadMini5, [000001C9F1C3BE00][000001C9E97F8780 49] iPhone6, [000001C9F1C3BF00][000001C9E97F47C0 49] iPodTouch6, [000001C9F1CD3900][000001C9E5282A40 49] iPhone7, [000001C9F1CD2100][000001C9E97FCA80 49] iPodTouch7, [000001C9F1C38400][000001C9E9800BC0 49] iPhone5S, [000001C9F1C3FD00][000001C9E9804D00 49] iPhone6Plus, [000001C9F1CD3400][000001C9E986CE80 49] iPhone6S, [000001C9F1C3E000][000001C9E9871000 49] iPhone6SPlus, [000001C9F1CD0900][000001C9E9875180 49] iPhone7Plus, [000001C9F1C3CE00][000001C9E9879300 49] iPhoneSE, [000001C9F1CD0200][000001C9E987D480 49] iPhone8, [000001C9F1C3E400][000001C9E9881600 49] iPhone8Plus, [000001C9F1CD1E00][000001C9E9885780 49] iPhoneX, [000001C9F1C3FE00][000001C9E9889900 49] iPhoneXS, [000001C9F1CD1600][000001C9E988DA80 49] iPhoneXSMax, [000001C9F1C3E500][000001C9E9891C00 49] iPhoneXR, [000001C9F1CD2A00][000001C9E9894200 49] iPhone11, [000001C9F1C3FA00][000001C9E9898380 49] iPhone11Pro, [000001C9F1CD0F00][000001C9E989C500 49] iPhone11ProMax, [000001C9F1C3E300][000001C9E98A0680 49] iPhoneSE2, [000001C9F1CD2700][000001C9E98A4800 49] iPhone12Mini, [000001C9F1C3C700][000001C9E98A8980 49] iPhone12, [000001C9F1CD3100][000001C9E98ACB00 49] iPhone12Pro, [000001C9F1C3F500][000001C9E9868C40 49] iPhone12ProMax, [000001C9F1CD0800][000001C9E98B0D80 49] iPadPro105, [000001C9F1C3DC00][000001C9E98B4EC0 49] iPadPro129, [000001C9F1CD0300][000001C9E98BD040 49] iPadPro97, [000001C9F1C3DD00][000001C9E98C11C0 49] iPadPro2_129, [000001C9F1CD0C00][000001C9E98C5340 49] iPad5, [000001C9F1C3F000][000001C9E98C94C0 49] iPad6, [000001C9F1CD2C00][000001C9E98CD640 49] iPad7, [000001C9F1C3EE00][000001C9E98D17C0 49] iPad8, [000001C9F1CD1800][000001C9E98D5940 49] iPadPro11, [000001C9F1C3DB00][000001C9E9D5FAC0 49] iPadPro2_11, [000001C9F1CD1500][000001C9E9D620C0 49] iPadPro3_129, [000001C9F1C3E700][000001C9E9D66240 49] iPadPro4_129, [000001C9F1CD0100][000001C9E9D6A3C0 49] AppleTV, [000001C9F1C3EB00][000001C9E9D6E540 49] AppleTV4K, [000001C9F1CD1B00][000001C9E9D726C0 49] TVOS, [000001C9F1C3C900][000001C9E9D76840 49] Mac, [000001C9F1CD1700][000001C9E9D7A9C0 49] MacClient, [000001C9F1C3EF00][000001C9E9D7EB40 49] MacNoEditor, [000001C9F1CD0D00][000001C9E9D82CC0 49] MacServer, [000001C9F1C3C300][000001C9E98B8E00 49] Linux, [000001C9F1CD2E00][000001C9E9D86F40 49] LinuxAArch64, [000001C9F1C3D500][000001C9E9D8B080 49] LinuxNoEditor, [000001C9F1CD2400][000001C9E9D8F1C0 49] LinuxAArch64NoEditor, [000001C9F1C3C200][000001C9E9D97340 49] LinuxClient, [000001C9F1CD2D00][000001C9E9D9B4C0 49] LinuxAArch64Client, [000001C9F1C3CC00][000001C9E9D9F640 49] LinuxServer, [000001C9F1CD0400][000001C9E9DA37C0 49] LinuxAArch64Server, [000001C9F1C3D000][000001C9E9DA7940 49] Android, [000001C9F1C83900][000001C9E9DABAC0 49] Android_Low, [000001C9F1C39B00][000001C9E9DAE0C0 49] Android_Mid, [000001C9F1C83000][000001C9E9DB2240 49] Android_High, [000001C9F1C3A300][000001C9E9DB63C0 49] Android_Default, [000001C9F1C82000][000001C9E9DBA540 49] Android_Adreno4xx, [000001C9F1C38100][000001C9E9DBE6C0 49] Android_Adreno5xx_Low, [000001C9F1C80B00][000001C9E9DC2840 49] Android_Adreno5xx, [000001C9F1C39800][000001C9E9DC69C0 49] Android_Adreno6xx, [000001C9F1C81100][000001C9E9DCAB40 49] Android_Adreno6xx_Vulkan, [000001C9F1C38800][000001C9E9DCECC0 49] Android_Mali_T6xx, [000001C9F1C83600][000001C9E9DD2E40 49] Android_Mali_T7xx, [000001C9F1C38D00][000001C9E9D92F80 49] Android_Mali_T8xx, [000001C9F1C83C00][000001C9E9DD70C0 49] Android_Mali_G71, [000001C9F1C39500][000001C9E9DDB200 49] Android_Mali_G72, [000001C9F1C83E00][000001C9E9DDF340 49] Android_Mali_G72_Vulkan, [000001C9F1C3BD00][000001C9E9DE74C0 49] Android_Mali_G76, [000001C9F1C83A00][000001C9EA42F640 49] Android_Mali_G76_Vulkan, [000001C9F1C3B600][000001C9EA4337C0 49] Android_Mali_G77, [000001C9F1C82200][000001C9EA437940 49] Android_Mali_G77_Vulkan, [000001C9F1C39200][000001C9EA43BAC0 49] Android_Mali_G78, [000001C9F1C80A00][000001C9EA43E0C0 49] Android_Mali_G78_Vulkan, [000001C9F1C3B000][000001C9EA442240 49] Android_Mali_G710, [000001C9F1C81400][000001C9EA4463C0 49] Android_Mali_G710_Vulkan, [000001C9F1C38700][000001C9EA44A540 49] Android_Vulkan_SM5, [000001C9F1C81800][000001C9EA44E6C0 49] Android_PowerVR_G6xxx, [000001C9F1C38E00][000001C9EA452840 49] Android_PowerVR_GT7xxx, [000001C9F1C80200][000001C9EA4569C0 49] Android_PowerVR_GE8xxx, [000001C9F1C38600][000001C9EA45AB40 49] Android_PowerVR_GM9xxx, [000001C9F1C82600][000001C9EA45ECC0 49] Android_PowerVR_GM9xxx_Vulkan, [000001C9F1C3CF00][000001C9EA462E40 49] Android_TegraK1, [000001C9F1C82A00][000001C9EA466FC0 49] Android_Unknown_Vulkan, [000001C9F1C3CD00][000001C9EA46B140 49] Lumin, [000001C9F1C81200][000001C9E9DE3280 49] Lumin_Desktop, [000001C9F1C3CB00][000001C9EA46F3C0 49] HoloLens, 
[2022.05.08-13.20.30:043][  0]LogMeshReduction: Using QuadricMeshReduction for automatic static mesh reduction
[2022.05.08-13.20.30:043][  0]LogMeshReduction: Using SimplygonMeshReduction for automatic skeletal mesh reduction
[2022.05.08-13.20.30:043][  0]LogMeshReduction: Using ProxyLODMeshReduction for automatic mesh merging
[2022.05.08-13.20.30:043][  0]LogMeshReduction: No distributed automatic mesh merging module available
[2022.05.08-13.20.30:043][  0]LogMeshMerging: No distributed automatic mesh merging module available
[2022.05.08-13.20.30:058][  0]LogNetVersion: Cyber_revengers 1.0.0, NetCL: 17155196, EngineNetVer: 17, GameNetVer: 0 (Checksum: 2698720703)
[2022.05.08-13.20.30:391][  0]LogTexture: Default maximum texture size for cubemaps generated from long-lat sources has been changed from 512 to unlimited. In order to preserve old behaiour for '/Engine/MapTemplates/Sky/DaylightAmbientCubemap.DaylightAmbientCubemap', its maximum texture size has been explicitly set to 512.
[2022.05.08-13.20.30:441][  0]LogHMD: PokeAHoleMaterial loaded successfully
[2022.05.08-13.20.30:446][  0]LogUObjectArray: 17178 objects as part of root set at end of initial load.
[2022.05.08-13.20.30:446][  0]LogUObjectAllocator: 4302048 out of 0 bytes used by permanent object pool.
[2022.05.08-13.20.30:446][  0]LogUObjectArray: CloseDisregardForGC: 0/0 objects in disregard for GC pool
[2022.05.08-13.20.30:699][  0]LogNiagaraDebuggerClient: Niagara Debugger Client Initialized | Session: FA71959C49186D8B2D675584CD3470C2 | Instance: 1FD0B7DF4A4CB5CBF5A96C83CB3C6DD6 (MSI-12732).
[2022.05.08-13.20.30:736][  0]LogPython: Using Python 3.7.7
[2022.05.08-13.20.31:243][  0]LogTcpMessaging: Initializing TcpMessaging bridge
[2022.05.08-13.20.31:330][  0]LogUdpMessaging: Initializing bridge on interface 0.0.0.0:0 to multicast group 230.0.0.1:6666.
[2022.05.08-13.20.31:443][  0]SourceControl: Source control is disabled
[2022.05.08-13.20.31:443][  0]SourceControl: Source control is disabled
[2022.05.08-13.20.31:447][  0]SourceControl: Source control is disabled
[2022.05.08-13.20.31:450][  0]SourceControl: Source control is disabled
[2022.05.08-13.20.31:455][  0]SourceControl: Source control is disabled
[2022.05.08-13.20.31:503][  0]LogUProjectInfo: Found projects:
[2022.05.08-13.20.31:628][  0]LogOpenImageDenoise: OIDN starting up
[2022.05.08-13.20.31:663][  0]LogAndroidPermission: UAndroidPermissionCallbackProxy::GetInstance
[2022.05.08-13.20.31:682][  0]LogAudioCaptureCore: Display: No Audio Capture implementations found. Audio input will be silent.
[2022.05.08-13.20.31:682][  0]LogAudioCaptureCore: Display: No Audio Capture implementations found. Audio input will be silent.
[2022.05.08-13.20.31:780][  0]LogCollectionManager: Loaded 0 collections in 0.001105 seconds
[2022.05.08-13.20.31:799][  0]LogFileCache: Scanning file cache for directory 'C:/Users/ADMIN/Documents/62070025/Cyber_revengers/Saved/Collections/' took 0.00s
[2022.05.08-13.20.31:799][  0]LogFileCache: Scanning file cache for directory 'C:/Users/ADMIN/Documents/62070025/Cyber_revengers/Content/Developers/ADMIN/Collections/' took 0.00s
[2022.05.08-13.20.31:799][  0]LogFileCache: Scanning file cache for directory 'C:/Users/ADMIN/Documents/62070025/Cyber_revengers/Content/Collections/' took 0.00s
[2022.05.08-13.20.31:799][  0]LogOcInput: OculusInput pre-init called
[2022.05.08-13.20.31:989][  0]LogEngine: Initializing Engine...
[2022.05.08-13.20.31:990][  0]LogHMD: Failed to enumerate extensions. Please check that you have a valid OpenXR runtime installed.
[2022.05.08-13.20.31:990][  0]LogHMD: Failed to initialize OpenVR with code 110
[2022.05.08-13.20.31:990][  0]LogMagicLeap: Warning: VR disabled because ZI is not enabled.  To enable, in the editor, Edit -> Project Settings -> Plugins -> Magic Leap Plugin -> Enable Zero Iteration
[2022.05.08-13.20.31:991][  0]LogStats: UGameplayTagsManager::InitializeManager -  0.000 s
[2022.05.08-13.20.32:091][  0]LogInit: Initializing FReadOnlyCVARCache
[2022.05.08-13.20.32:098][  0]LogAIModule: Creating AISystem for world Untitled
[2022.05.08-13.20.32:105][  0]LogAudio: Display: Initializing Audio Device Manager...
[2022.05.08-13.20.32:107][  0]LogAudio: Display: Loading Default Audio Settings Objects...
[2022.05.08-13.20.32:108][  0]LogAudio: Display: No default SoundConcurrencyObject specified (or failed to load).
[2022.05.08-13.20.32:108][  0]LogAudio: Display: Audio Device Manager Initialized
[2022.05.08-13.20.32:108][  0]LogAudio: Display: Creating Audio Device:                 Id: 1, Scope: Shared, Realtime: True
[2022.05.08-13.20.32:108][  0]LogAudioMixer: Display: Audio Mixer Platform Settings:
[2022.05.08-13.20.32:108][  0]LogAudioMixer: Display: 	Sample Rate:						  48000
[2022.05.08-13.20.32:108][  0]LogAudioMixer: Display: 	Callback Buffer Frame Size Requested: 1024
[2022.05.08-13.20.32:108][  0]LogAudioMixer: Display: 	Callback Buffer Frame Size To Use:	  1024
[2022.05.08-13.20.32:108][  0]LogAudioMixer: Display: 	Number of buffers to queue:			  2
[2022.05.08-13.20.32:108][  0]LogAudioMixer: Display: 	Max Channels (voices):				  32
[2022.05.08-13.20.32:108][  0]LogAudioMixer: Display: 	Number of Async Source Workers:		  0
[2022.05.08-13.20.32:108][  0]LogAudio: Display: AudioDevice MaxSources: 32
[2022.05.08-13.20.32:108][  0]LogAudio: Display: Audio Spatialization Plugin: None (built-in).
[2022.05.08-13.20.32:108][  0]LogAudio: Display: Audio Reverb Plugin: None (built-in).
[2022.05.08-13.20.32:108][  0]LogAudio: Display: Audio Occlusion Plugin: None (built-in).
[2022.05.08-13.20.32:108][  0]LogAudioMixer: Display: Initializing audio mixer.
[2022.05.08-13.20.32:157][  0]LogAudioMixer: Display: 0: FrontLeft
[2022.05.08-13.20.32:157][  0]LogAudioMixer: Display: 1: FrontRight
[2022.05.08-13.20.32:258][  0]LogAudioMixer: Display: Using Audio Device Realtek HD Audio 2nd output (Realtek(R) Audio)
[2022.05.08-13.20.32:259][  0]LogAudioMixer: Display: Initializing Sound Submixes...
[2022.05.08-13.20.32:261][  0]LogAudioMixer: Display: Creating Master Submix 'MasterSubmixDefault'
[2022.05.08-13.20.32:261][  0]LogAudioMixer: Display: Creating Master Submix 'MasterReverbSubmixDefault'
[2022.05.08-13.20.32:262][  0]LogAudioMixer: Display: Creating Master Submix 'MasterEQSubmixDefault'
[2022.05.08-13.20.32:262][  0]LogAudioMixer: FMixerPlatformXAudio2::StartAudioStream() called
[2022.05.08-13.20.32:262][  0]LogAudioMixer: Display: Output buffers initialized: Frames=1024, Channels=2, Samples=2048
[2022.05.08-13.20.32:263][  0]LogAudioMixer: Display: Starting AudioMixerPlatformInterface::RunInternal()
[2022.05.08-13.20.32:263][  0]LogAudioMixer: Display: FMixerPlatformXAudio2::SubmitBuffer() called for the first time
[2022.05.08-13.20.32:263][  0]LogInit: FAudioDevice initialized.
[2022.05.08-13.20.32:263][  0]LogAudio: Display: Audio Device (ID: 1) registered with world 'Untitled'.
[2022.05.08-13.20.32:263][  0]LogNetVersion: Set ProjectVersion to 1.0.0.0. Version Checksum will be recalculated on next use.
[2022.05.08-13.20.32:374][  0]LogDerivedDataCache: Saved boot cache 0.11s 94MB C:/Users/ADMIN/AppData/Local/UnrealEngine/4.27/DerivedDataCache/Boot.ddc.
[2022.05.08-13.20.32:375][  0]LogInit: Texture streaming: Enabled
[2022.05.08-13.20.32:384][  0]LogAnalytics: Display: [UEEditor.Rocket.Release] APIServer = https://datarouter.ol.epicgames.com/. AppVersion = 4.27.2-18319896+++UE4+Release-4.27
[2022.05.08-13.20.32:387][  0]LogEngineSessionManager: EngineSessionManager initialized
[2022.05.08-13.20.32:387][  0]LogEditorSessionSummary: Verbose: Initializing EditorSessionSummaryWriter for editor session tracking
[2022.05.08-13.20.32:388][  0]LogEditorSessionSummary: EditorSessionSummaryWriter initialized
[2022.05.08-13.20.32:409][  0]LogInit: Transaction tracking system initialized
[2022.05.08-13.20.32:425][  0]BlueprintLog: New page: Editor Load
[2022.05.08-13.20.32:471][  0]LocalizationService: Localization service is disabled
[2022.05.08-13.20.32:491][  0]TimingProfiler: Initialize
[2022.05.08-13.20.32:491][  0]TimingProfiler: OnSessionChanged
[2022.05.08-13.20.32:491][  0]LoadingProfiler: Initialize
[2022.05.08-13.20.32:491][  0]LoadingProfiler: OnSessionChanged
[2022.05.08-13.20.32:491][  0]NetworkingProfiler: Initialize
[2022.05.08-13.20.32:491][  0]NetworkingProfiler: OnSessionChanged
[2022.05.08-13.20.32:491][  0]MemoryProfiler: Initialize
[2022.05.08-13.20.32:491][  0]MemoryProfiler: OnSessionChanged
[2022.05.08-13.20.32:603][  0]LogCook: Display: CookSettings for Memory: MemoryMaxUsedVirtual 0MiB, MemoryMaxUsedPhysical 16384MiB, MemoryMinFreeVirtual 0MiB, MemoryMinFreePhysical 1024MiB
[2022.05.08-13.20.32:603][  0]LogCook: Display: Mobile HDR setting 0
[2022.05.08-13.20.32:748][  0]LogFileCache: Scanning file cache for directory 'C:/Users/ADMIN/Documents/62070025/Cyber_revengers/Content/' took 0.01s
[2022.05.08-13.20.32:899][  0]LogInit: Display: Engine is initialized. Leaving FEngineLoop::Init()
[2022.05.08-13.20.32:902][  0]SourceControl: Source control is disabled
[2022.05.08-13.20.32:902][  0]LogUnrealEdMisc: Loading editor; pre map load, took 6.188
[2022.05.08-13.20.32:902][  0]Cmd: MAP LOAD FILE="../../../../../../Users/ADMIN/Documents/62070025/Cyber_revengers/Content/level/MainMenu.umap" TEMPLATE=0 SHOWPROGRESS=1 FEATURELEVEL=3
[2022.05.08-13.20.32:902][  0]LightingResults: New page: Lighting Build
[2022.05.08-13.20.32:903][  0]LogWorld: UWorld::CleanupWorld for Untitled, bSessionEnded=true, bCleanupResources=true
[2022.05.08-13.20.32:903][  0]LogSlate: InvalidateAllWidgets triggered.  All widgets were invalidated
[2022.05.08-13.20.32:903][  0]MapCheck: New page: Map Check
[2022.05.08-13.20.32:903][  0]LightingResults: New page: Lighting Build
[2022.05.08-13.20.32:909][  0]LogAudio: Display: Audio Device unregistered from world 'None'.
[2022.05.08-13.20.32:912][  0]LogUObjectHash: Compacting FUObjectHashTables data took   0.68ms
[2022.05.08-13.20.32:947][  0]LogAudio: Display: Audio Device (ID: 1) registered with world 'MainMenu'.
[2022.05.08-13.20.32:947][  0]LogAIModule: Creating AISystem for world MainMenu
[2022.05.08-13.20.32:948][  0]LogEditorServer: Finished looking for orphan Actors (0.000 secs)
[2022.05.08-13.20.32:954][  0]LogUObjectHash: Compacting FUObjectHashTables data took   0.97ms
[2022.05.08-13.20.32:954][  0]Cmd: MAP CHECKDEP NOCLEARLOG
[2022.05.08-13.20.32:954][  0]MapCheck: Map check complete: 0 Error(s), 0 Warning(s), took 0.125ms to complete.
[2022.05.08-13.20.32:954][  0]LogFileHelpers: Loading map 'MainMenu' took 0.052
[2022.05.08-13.20.32:956][  0]LogUnrealEdMisc: Total Editor Startup Time, took 6.242
[2022.05.08-13.20.33:047][  0]LogSlate: Updating window title bar state: overlay mode, drag disabled, window buttons hidden, title bar hidden
[2022.05.08-13.20.33:052][  0]LogSlate: Updating window title bar state: overlay mode, drag disabled, window buttons hidden, title bar hidden
[2022.05.08-13.20.33:057][  0]LogSlate: Updating window title bar state: overlay mode, drag disabled, window buttons hidden, title bar hidden
[2022.05.08-13.20.33:063][  0]LogSlate: Updating window title bar state: overlay mode, drag disabled, window buttons hidden, title bar hidden
[2022.05.08-13.20.33:074][  0]LogNativeClassHierarchy: Verbose: Native class hierarchy populated in 0.0080 seconds. Added 3822 classes and 928 folders.
[2022.05.08-13.20.33:077][  0]LogNativeClassHierarchy: Verbose: Native class hierarchy updated for 'WidgetCarousel' in 0.0002 seconds. Added 0 classes and 0 folders.
[2022.05.08-13.20.33:078][  0]LogPakFile: PakFile PrimaryIndexSize=187
[2022.05.08-13.20.33:078][  0]LogPakFile: PakFile PathHashIndexSize=101
[2022.05.08-13.20.33:078][  0]LogPakFile: PakFile FullDirectoryIndexSize=148
[2022.05.08-13.20.33:078][  0]LogShaderLibrary: Display: ShaderCodeLibraryPakFileMountedCallback: PakFile 'C:/Program Files/Epic Games/UE_4.27/FeaturePacks/FP_FirstPerson.upack' (chunk index -1, root 'root:/') mounted
[2022.05.08-13.20.33:078][  0]LogShaderLibrary: Display: ShaderCodeLibraryPakFileMountedCallback: pending pak file info (ChunkID:-1 Root:root:/ File:C:/Program Files/Epic Games/UE_4.27/FeaturePacks/FP_FirstPerson.upack)
[2022.05.08-13.20.33:078][  0]LogPakFile: OnPakFileMounted2Time == 0.000047
[2022.05.08-13.20.33:078][  0]LogPakFile: PakFile PrimaryIndexSize=189
[2022.05.08-13.20.33:078][  0]LogPakFile: PakFile PathHashIndexSize=101
[2022.05.08-13.20.33:079][  0]LogPakFile: PakFile FullDirectoryIndexSize=152
[2022.05.08-13.20.33:079][  0]LogShaderLibrary: Display: ShaderCodeLibraryPakFileMountedCallback: PakFile 'C:/Program Files/Epic Games/UE_4.27/FeaturePacks/FP_FirstPersonBP.upack' (chunk index -1, root 'root:/') mounted
[2022.05.08-13.20.33:079][  0]LogShaderLibrary: Display: ShaderCodeLibraryPakFileMountedCallback: pending pak file info (ChunkID:-1 Root:root:/ File:C:/Program Files/Epic Games/UE_4.27/FeaturePacks/FP_FirstPersonBP.upack)
[2022.05.08-13.20.33:079][  0]LogPakFile: OnPakFileMounted2Time == 0.000038
[2022.05.08-13.20.33:079][  0]LogPakFile: PakFile PrimaryIndexSize=191
[2022.05.08-13.20.33:079][  0]LogPakFile: PakFile PathHashIndexSize=101
[2022.05.08-13.20.33:079][  0]LogPakFile: PakFile FullDirectoryIndexSize=160
[2022.05.08-13.20.33:079][  0]LogShaderLibrary: Display: ShaderCodeLibraryPakFileMountedCallback: PakFile 'C:/Program Files/Epic Games/UE_4.27/FeaturePacks/MobileStarterContent.upack' (chunk index -1, root 'root:/') mounted
[2022.05.08-13.20.33:079][  0]LogShaderLibrary: Display: ShaderCodeLibraryPakFileMountedCallback: pending pak file info (ChunkID:-1 Root:root:/ File:C:/Program Files/Epic Games/UE_4.27/FeaturePacks/MobileStarterContent.upack)
[2022.05.08-13.20.33:079][  0]LogPakFile: OnPakFileMounted2Time == 0.000030
[2022.05.08-13.20.33:079][  0]LogPakFile: PakFile PrimaryIndexSize=185
[2022.05.08-13.20.33:079][  0]LogPakFile: PakFile PathHashIndexSize=101
[2022.05.08-13.20.33:079][  0]LogPakFile: PakFile FullDirectoryIndexSize=148
[2022.05.08-13.20.33:079][  0]LogShaderLibrary: Display: ShaderCodeLibraryPakFileMountedCallback: PakFile 'C:/Program Files/Epic Games/UE_4.27/FeaturePacks/StarterContent.upack' (chunk index -1, root 'root:/') mounted
[2022.05.08-13.20.33:079][  0]LogShaderLibrary: Display: ShaderCodeLibraryPakFileMountedCallback: pending pak file info (ChunkID:-1 Root:root:/ File:C:/Program Files/Epic Games/UE_4.27/FeaturePacks/StarterContent.upack)
[2022.05.08-13.20.33:079][  0]LogPakFile: OnPakFileMounted2Time == 0.000032
[2022.05.08-13.20.33:080][  0]LogPakFile: PakFile PrimaryIndexSize=190
[2022.05.08-13.20.33:080][  0]LogPakFile: PakFile PathHashIndexSize=101
[2022.05.08-13.20.33:080][  0]LogPakFile: PakFile FullDirectoryIndexSize=154
[2022.05.08-13.20.33:080][  0]LogShaderLibrary: Display: ShaderCodeLibraryPakFileMountedCallback: PakFile 'C:/Program Files/Epic Games/UE_4.27/FeaturePacks/TP_2DSideScroller.upack' (chunk index -1, root 'root:/') mounted
[2022.05.08-13.20.33:080][  0]LogShaderLibrary: Display: ShaderCodeLibraryPakFileMountedCallback: pending pak file info (ChunkID:-1 Root:root:/ File:C:/Program Files/Epic Games/UE_4.27/FeaturePacks/TP_2DSideScroller.upack)
[2022.05.08-13.20.33:080][  0]LogPakFile: OnPakFileMounted2Time == 0.000027
[2022.05.08-13.20.33:081][  0]LogPakFile: PakFile PrimaryIndexSize=192
[2022.05.08-13.20.33:081][  0]LogPakFile: PakFile PathHashIndexSize=101
[2022.05.08-13.20.33:081][  0]LogPakFile: PakFile FullDirectoryIndexSize=158
[2022.05.08-13.20.33:081][  0]LogShaderLibrary: Display: ShaderCodeLibraryPakFileMountedCallback: PakFile 'C:/Program Files/Epic Games/UE_4.27/FeaturePacks/TP_2DSideScrollerBP.upack' (chunk index -1, root 'root:/') mounted
[2022.05.08-13.20.33:081][  0]LogShaderLibrary: Display: ShaderCodeLibraryPakFileMountedCallback: pending pak file info (ChunkID:-1 Root:root:/ File:C:/Program Files/Epic Games/UE_4.27/FeaturePacks/TP_2DSideScrollerBP.upack)
[2022.05.08-13.20.33:081][  0]LogPakFile: OnPakFileMounted2Time == 0.000029
[2022.05.08-13.20.33:081][  0]LogPakFile: PakFile PrimaryIndexSize=182
[2022.05.08-13.20.33:081][  0]LogPakFile: PakFile PathHashIndexSize=101
[2022.05.08-13.20.33:081][  0]LogPakFile: PakFile FullDirectoryIndexSize=138
[2022.05.08-13.20.33:081][  0]LogShaderLibrary: Display: ShaderCodeLibraryPakFileMountedCallback: PakFile 'C:/Program Files/Epic Games/UE_4.27/FeaturePacks/TP_Flying.upack' (chunk index -1, root 'root:/') mounted
[2022.05.08-13.20.33:081][  0]LogShaderLibrary: Display: ShaderCodeLibraryPakFileMountedCallback: pending pak file info (ChunkID:-1 Root:root:/ File:C:/Program Files/Epic Games/UE_4.27/FeaturePacks/TP_Flying.upack)
[2022.05.08-13.20.33:081][  0]LogPakFile: OnPakFileMounted2Time == 0.000027
[2022.05.08-13.20.33:081][  0]LogPakFile: PakFile PrimaryIndexSize=184
[2022.05.08-13.20.33:081][  0]LogPakFile: PakFile PathHashIndexSize=101
[2022.05.08-13.20.33:081][  0]LogPakFile: PakFile FullDirectoryIndexSize=142
[2022.05.08-13.20.33:081][  0]LogShaderLibrary: Display: ShaderCodeLibraryPakFileMountedCallback: PakFile 'C:/Program Files/Epic Games/UE_4.27/FeaturePacks/TP_FlyingBP.upack' (chunk index -1, root 'root:/') mounted
[2022.05.08-13.20.33:081][  0]LogShaderLibrary: Display: ShaderCodeLibraryPakFileMountedCallback: pending pak file info (ChunkID:-1 Root:root:/ File:C:/Program Files/Epic Games/UE_4.27/FeaturePacks/TP_FlyingBP.upack)
[2022.05.08-13.20.33:081][  0]LogPakFile: OnPakFileMounted2Time == 0.000030
[2022.05.08-13.20.33:082][  0]LogPakFile: PakFile PrimaryIndexSize=188
[2022.05.08-13.20.33:082][  0]LogPakFile: PakFile PathHashIndexSize=101
[2022.05.08-13.20.33:082][  0]LogPakFile: PakFile FullDirectoryIndexSize=150
[2022.05.08-13.20.33:082][  0]LogShaderLibrary: Display: ShaderCodeLibraryPakFileMountedCallback: PakFile 'C:/Program Files/Epic Games/UE_4.27/FeaturePacks/TP_HandheldARBP.upack' (chunk index -1, root 'root:/') mounted
[2022.05.08-13.20.33:082][  0]LogShaderLibrary: Display: ShaderCodeLibraryPakFileMountedCallback: pending pak file info (ChunkID:-1 Root:root:/ File:C:/Program Files/Epic Games/UE_4.27/FeaturePacks/TP_HandheldARBP.upack)
[2022.05.08-13.20.33:082][  0]LogPakFile: OnPakFileMounted2Time == 0.000028
[2022.05.08-13.20.33:082][  0]LogPakFile: PakFile PrimaryIndexSize=182
[2022.05.08-13.20.33:082][  0]LogPakFile: PakFile PathHashIndexSize=101
[2022.05.08-13.20.33:082][  0]LogPakFile: PakFile FullDirectoryIndexSize=138
[2022.05.08-13.20.33:082][  0]LogShaderLibrary: Display: ShaderCodeLibraryPakFileMountedCallback: PakFile 'C:/Program Files/Epic Games/UE_4.27/FeaturePacks/TP_Puzzle.upack' (chunk index -1, root 'root:/') mounted
[2022.05.08-13.20.33:082][  0]LogShaderLibrary: Display: ShaderCodeLibraryPakFileMountedCallback: pending pak file info (ChunkID:-1 Root:root:/ File:C:/Program Files/Epic Games/UE_4.27/FeaturePacks/TP_Puzzle.upack)
[2022.05.08-13.20.33:082][  0]LogPakFile: OnPakFileMounted2Time == 0.000028
[2022.05.08-13.20.33:083][  0]LogPakFile: PakFile PrimaryIndexSize=184
[2022.05.08-13.20.33:083][  0]LogPakFile: PakFile PathHashIndexSize=101
[2022.05.08-13.20.33:083][  0]LogPakFile: PakFile FullDirectoryIndexSize=142
[2022.05.08-13.20.33:083][  0]LogShaderLibrary: Display: ShaderCodeLibraryPakFileMountedCallback: PakFile 'C:/Program Files/Epic Games/UE_4.27/FeaturePacks/TP_PuzzleBP.upack' (chunk index -1, root 'root:/') mounted
[2022.05.08-13.20.33:083][  0]LogShaderLibrary: Display: ShaderCodeLibraryPakFileMountedCallback: pending pak file info (ChunkID:-1 Root:root:/ File:C:/Program Files/Epic Games/UE_4.27/FeaturePacks/TP_PuzzleBP.upack)
[2022.05.08-13.20.33:083][  0]LogPakFile: OnPakFileMounted2Time == 0.000027
[2022.05.08-13.20.33:083][  0]LogPakFile: PakFile PrimaryIndexSize=183
[2022.05.08-13.20.33:083][  0]LogPakFile: PakFile PathHashIndexSize=101
[2022.05.08-13.20.33:083][  0]LogPakFile: PakFile FullDirectoryIndexSize=140
[2022.05.08-13.20.33:083][  0]LogShaderLibrary: Display: ShaderCodeLibraryPakFileMountedCallback: PakFile 'C:/Program Files/Epic Games/UE_4.27/FeaturePacks/TP_Rolling.upack' (chunk index -1, root 'root:/') mounted
[2022.05.08-13.20.33:083][  0]LogShaderLibrary: Display: ShaderCodeLibraryPakFileMountedCallback: pending pak file info (ChunkID:-1 Root:root:/ File:C:/Program Files/Epic Games/UE_4.27/FeaturePacks/TP_Rolling.upack)
[2022.05.08-13.20.33:083][  0]LogPakFile: OnPakFileMounted2Time == 0.000027
[2022.05.08-13.20.33:084][  0]LogPakFile: PakFile PrimaryIndexSize=185
[2022.05.08-13.20.33:084][  0]LogPakFile: PakFile PathHashIndexSize=101
[2022.05.08-13.20.33:084][  0]LogPakFile: PakFile FullDirectoryIndexSize=144
[2022.05.08-13.20.33:084][  0]LogShaderLibrary: Display: ShaderCodeLibraryPakFileMountedCallback: PakFile 'C:/Program Files/Epic Games/UE_4.27/FeaturePacks/TP_RollingBP.upack' (chunk index -1, root 'root:/') mounted
[2022.05.08-13.20.33:084][  0]LogShaderLibrary: Display: ShaderCodeLibraryPakFileMountedCallback: pending pak file info (ChunkID:-1 Root:root:/ File:C:/Program Files/Epic Games/UE_4.27/FeaturePacks/TP_RollingBP.upack)
[2022.05.08-13.20.33:084][  0]LogPakFile: OnPakFileMounted2Time == 0.000027
[2022.05.08-13.20.33:084][  0]LogPakFile: PakFile PrimaryIndexSize=188
[2022.05.08-13.20.33:084][  0]LogPakFile: PakFile PathHashIndexSize=101
[2022.05.08-13.20.33:084][  0]LogPakFile: PakFile FullDirectoryIndexSize=150
[2022.05.08-13.20.33:084][  0]LogShaderLibrary: Display: ShaderCodeLibraryPakFileMountedCallback: PakFile 'C:/Program Files/Epic Games/UE_4.27/FeaturePacks/TP_SideScroller.upack' (chunk index -1, root 'root:/') mounted
[2022.05.08-13.20.33:084][  0]LogShaderLibrary: Display: ShaderCodeLibraryPakFileMountedCallback: pending pak file info (ChunkID:-1 Root:root:/ File:C:/Program Files/Epic Games/UE_4.27/FeaturePacks/TP_SideScroller.upack)
[2022.05.08-13.20.33:084][  0]LogPakFile: OnPakFileMounted2Time == 0.000027
[2022.05.08-13.20.33:084][  0]LogPakFile: PakFile PrimaryIndexSize=190
[2022.05.08-13.20.33:084][  0]LogPakFile: PakFile PathHashIndexSize=101
[2022.05.08-13.20.33:084][  0]LogPakFile: PakFile FullDirectoryIndexSize=154
[2022.05.08-13.20.33:084][  0]LogShaderLibrary: Display: ShaderCodeLibraryPakFileMountedCallback: PakFile 'C:/Program Files/Epic Games/UE_4.27/FeaturePacks/TP_SideScrollerBP.upack' (chunk index -1, root 'root:/') mounted
[2022.05.08-13.20.33:084][  0]LogShaderLibrary: Display: ShaderCodeLibraryPakFileMountedCallback: pending pak file info (ChunkID:-1 Root:root:/ File:C:/Program Files/Epic Games/UE_4.27/FeaturePacks/TP_SideScrollerBP.upack)
[2022.05.08-13.20.33:084][  0]LogPakFile: OnPakFileMounted2Time == 0.000027
[2022.05.08-13.20.33:085][  0]LogPakFile: PakFile PrimaryIndexSize=187
[2022.05.08-13.20.33:085][  0]LogPakFile: PakFile PathHashIndexSize=101
[2022.05.08-13.20.33:085][  0]LogPakFile: PakFile FullDirectoryIndexSize=148
[2022.05.08-13.20.33:085][  0]LogShaderLibrary: Display: ShaderCodeLibraryPakFileMountedCallback: PakFile 'C:/Program Files/Epic Games/UE_4.27/FeaturePacks/TP_ThirdPerson.upack' (chunk index -1, root 'root:/') mounted
[2022.05.08-13.20.33:085][  0]LogShaderLibrary: Display: ShaderCodeLibraryPakFileMountedCallback: pending pak file info (ChunkID:-1 Root:root:/ File:C:/Program Files/Epic Games/UE_4.27/FeaturePacks/TP_ThirdPerson.upack)
[2022.05.08-13.20.33:085][  0]LogPakFile: OnPakFileMounted2Time == 0.000027
[2022.05.08-13.20.33:085][  0]LogPakFile: PakFile PrimaryIndexSize=189
[2022.05.08-13.20.33:085][  0]LogPakFile: PakFile PathHashIndexSize=101
[2022.05.08-13.20.33:085][  0]LogPakFile: PakFile FullDirectoryIndexSize=152
[2022.05.08-13.20.33:085][  0]LogShaderLibrary: Display: ShaderCodeLibraryPakFileMountedCallback: PakFile 'C:/Program Files/Epic Games/UE_4.27/FeaturePacks/TP_ThirdPersonBP.upack' (chunk index -1, root 'root:/') mounted
[2022.05.08-13.20.33:085][  0]LogShaderLibrary: Display: ShaderCodeLibraryPakFileMountedCallback: pending pak file info (ChunkID:-1 Root:root:/ File:C:/Program Files/Epic Games/UE_4.27/FeaturePacks/TP_ThirdPersonBP.upack)
[2022.05.08-13.20.33:085][  0]LogPakFile: OnPakFileMounted2Time == 0.000030
[2022.05.08-13.20.33:086][  0]LogPakFile: PakFile PrimaryIndexSize=183
[2022.05.08-13.20.33:086][  0]LogPakFile: PakFile PathHashIndexSize=101
[2022.05.08-13.20.33:086][  0]LogPakFile: PakFile FullDirectoryIndexSize=140
[2022.05.08-13.20.33:086][  0]LogShaderLibrary: Display: ShaderCodeLibraryPakFileMountedCallback: PakFile 'C:/Program Files/Epic Games/UE_4.27/FeaturePacks/TP_TopDown.upack' (chunk index -1, root 'root:/') mounted
[2022.05.08-13.20.33:086][  0]LogShaderLibrary: Display: ShaderCodeLibraryPakFileMountedCallback: pending pak file info (ChunkID:-1 Root:root:/ File:C:/Program Files/Epic Games/UE_4.27/FeaturePacks/TP_TopDown.upack)
[2022.05.08-13.20.33:086][  0]LogPakFile: OnPakFileMounted2Time == 0.000034
[2022.05.08-13.20.33:086][  0]LogPakFile: PakFile PrimaryIndexSize=185
[2022.05.08-13.20.33:086][  0]LogPakFile: PakFile PathHashIndexSize=101
[2022.05.08-13.20.33:086][  0]LogPakFile: PakFile FullDirectoryIndexSize=144
[2022.05.08-13.20.33:086][  0]LogShaderLibrary: Display: ShaderCodeLibraryPakFileMountedCallback: PakFile 'C:/Program Files/Epic Games/UE_4.27/FeaturePacks/TP_TopDownBP.upack' (chunk index -1, root 'root:/') mounted
[2022.05.08-13.20.33:086][  0]LogShaderLibrary: Display: ShaderCodeLibraryPakFileMountedCallback: pending pak file info (ChunkID:-1 Root:root:/ File:C:/Program Files/Epic Games/UE_4.27/FeaturePacks/TP_TopDownBP.upack)
[2022.05.08-13.20.33:086][  0]LogPakFile: OnPakFileMounted2Time == 0.000028
[2022.05.08-13.20.33:086][  0]LogPakFile: PakFile PrimaryIndexSize=185
[2022.05.08-13.20.33:086][  0]LogPakFile: PakFile PathHashIndexSize=101
[2022.05.08-13.20.33:086][  0]LogPakFile: PakFile FullDirectoryIndexSize=144
[2022.05.08-13.20.33:086][  0]LogShaderLibrary: Display: ShaderCodeLibraryPakFileMountedCallback: PakFile 'C:/Program Files/Epic Games/UE_4.27/FeaturePacks/TP_TwinStick.upack' (chunk index -1, root 'root:/') mounted
[2022.05.08-13.20.33:086][  0]LogShaderLibrary: Display: ShaderCodeLibraryPakFileMountedCallback: pending pak file info (ChunkID:-1 Root:root:/ File:C:/Program Files/Epic Games/UE_4.27/FeaturePacks/TP_TwinStick.upack)
[2022.05.08-13.20.33:086][  0]LogPakFile: OnPakFileMounted2Time == 0.000031
[2022.05.08-13.20.33:087][  0]LogPakFile: PakFile PrimaryIndexSize=187
[2022.05.08-13.20.33:087][  0]LogPakFile: PakFile PathHashIndexSize=101
[2022.05.08-13.20.33:087][  0]LogPakFile: PakFile FullDirectoryIndexSize=148
[2022.05.08-13.20.33:087][  0]LogShaderLibrary: Display: ShaderCodeLibraryPakFileMountedCallback: PakFile 'C:/Program Files/Epic Games/UE_4.27/FeaturePacks/TP_TwinStickBP.upack' (chunk index -1, root 'root:/') mounted
[2022.05.08-13.20.33:087][  0]LogShaderLibrary: Display: ShaderCodeLibraryPakFileMountedCallback: pending pak file info (ChunkID:-1 Root:root:/ File:C:/Program Files/Epic Games/UE_4.27/FeaturePacks/TP_TwinStickBP.upack)
[2022.05.08-13.20.33:087][  0]LogPakFile: OnPakFileMounted2Time == 0.000030
[2022.05.08-13.20.33:087][  0]LogPakFile: PakFile PrimaryIndexSize=183
[2022.05.08-13.20.33:087][  0]LogPakFile: PakFile PathHashIndexSize=101
[2022.05.08-13.20.33:087][  0]LogPakFile: PakFile FullDirectoryIndexSize=140
[2022.05.08-13.20.33:087][  0]LogShaderLibrary: Display: ShaderCodeLibraryPakFileMountedCallback: PakFile 'C:/Program Files/Epic Games/UE_4.27/FeaturePacks/TP_Vehicle.upack' (chunk index -1, root 'root:/') mounted
[2022.05.08-13.20.33:087][  0]LogShaderLibrary: Display: ShaderCodeLibraryPakFileMountedCallback: pending pak file info (ChunkID:-1 Root:root:/ File:C:/Program Files/Epic Games/UE_4.27/FeaturePacks/TP_Vehicle.upack)
[2022.05.08-13.20.33:087][  0]LogPakFile: OnPakFileMounted2Time == 0.000027
[2022.05.08-13.20.33:088][  0]LogPakFile: PakFile PrimaryIndexSize=186
[2022.05.08-13.20.33:088][  0]LogPakFile: PakFile PathHashIndexSize=101
[2022.05.08-13.20.33:088][  0]LogPakFile: PakFile FullDirectoryIndexSize=146
[2022.05.08-13.20.33:088][  0]LogShaderLibrary: Display: ShaderCodeLibraryPakFileMountedCallback: PakFile 'C:/Program Files/Epic Games/UE_4.27/FeaturePacks/TP_VehicleAdv.upack' (chunk index -1, root 'root:/') mounted
[2022.05.08-13.20.33:088][  0]LogShaderLibrary: Display: ShaderCodeLibraryPakFileMountedCallback: pending pak file info (ChunkID:-1 Root:root:/ File:C:/Program Files/Epic Games/UE_4.27/FeaturePacks/TP_VehicleAdv.upack)
[2022.05.08-13.20.33:088][  0]LogPakFile: OnPakFileMounted2Time == 0.000029
[2022.05.08-13.20.33:088][  0]LogPakFile: PakFile PrimaryIndexSize=188
[2022.05.08-13.20.33:088][  0]LogPakFile: PakFile PathHashIndexSize=101
[2022.05.08-13.20.33:088][  0]LogPakFile: PakFile FullDirectoryIndexSize=150
[2022.05.08-13.20.33:088][  0]LogShaderLibrary: Display: ShaderCodeLibraryPakFileMountedCallback: PakFile 'C:/Program Files/Epic Games/UE_4.27/FeaturePacks/TP_VehicleAdvBP.upack' (chunk index -1, root 'root:/') mounted
[2022.05.08-13.20.33:088][  0]LogShaderLibrary: Display: ShaderCodeLibraryPakFileMountedCallback: pending pak file info (ChunkID:-1 Root:root:/ File:C:/Program Files/Epic Games/UE_4.27/FeaturePacks/TP_VehicleAdvBP.upack)
[2022.05.08-13.20.33:088][  0]LogPakFile: OnPakFileMounted2Time == 0.000030
[2022.05.08-13.20.33:089][  0]LogPakFile: PakFile PrimaryIndexSize=185
[2022.05.08-13.20.33:089][  0]LogPakFile: PakFile PathHashIndexSize=101
[2022.05.08-13.20.33:089][  0]LogPakFile: PakFile FullDirectoryIndexSize=144
[2022.05.08-13.20.33:089][  0]LogShaderLibrary: Display: ShaderCodeLibraryPakFileMountedCallback: PakFile 'C:/Program Files/Epic Games/UE_4.27/FeaturePacks/TP_VehicleBP.upack' (chunk index -1, root 'root:/') mounted
[2022.05.08-13.20.33:089][  0]LogShaderLibrary: Display: ShaderCodeLibraryPakFileMountedCallback: pending pak file info (ChunkID:-1 Root:root:/ File:C:/Program Files/Epic Games/UE_4.27/FeaturePacks/TP_VehicleBP.upack)
[2022.05.08-13.20.33:089][  0]LogPakFile: OnPakFileMounted2Time == 0.000045
[2022.05.08-13.20.33:089][  0]LogPakFile: PakFile PrimaryIndexSize=192
[2022.05.08-13.20.33:089][  0]LogPakFile: PakFile PathHashIndexSize=101
[2022.05.08-13.20.33:089][  0]LogPakFile: PakFile FullDirectoryIndexSize=158
[2022.05.08-13.20.33:089][  0]LogShaderLibrary: Display: ShaderCodeLibraryPakFileMountedCallback: PakFile 'C:/Program Files/Epic Games/UE_4.27/FeaturePacks/TP_VirtualRealityBP.upack' (chunk index -1, root 'root:/') mounted
[2022.05.08-13.20.33:089][  0]LogShaderLibrary: Display: ShaderCodeLibraryPakFileMountedCallback: pending pak file info (ChunkID:-1 Root:root:/ File:C:/Program Files/Epic Games/UE_4.27/FeaturePacks/TP_VirtualRealityBP.upack)
[2022.05.08-13.20.33:089][  0]LogPakFile: OnPakFileMounted2Time == 0.000028
[2022.05.08-13.20.33:127][  0]LogNativeClassHierarchy: Verbose: Native class hierarchy updated for 'AddContentDialog' in 0.0002 seconds. Added 0 classes and 0 folders.
[2022.05.08-13.20.33:128][  0]LogNativeClassHierarchy: Verbose: Native class hierarchy updated for 'SceneOutliner' in 0.0002 seconds. Added 2 classes and 0 folders.
[2022.05.08-13.20.33:197][  0]LogSlate: Took 0.000146 seconds to synchronously load lazily loaded font '../../../Engine/Content/Slate/Fonts/Roboto-Regular.ttf' (155K)
[2022.05.08-13.20.33:198][  0]LogSlate: Took 0.000110 seconds to synchronously load lazily loaded font '../../../Engine/Content/Editor/Slate/Fonts/FontAwesome.ttf' (139K)
[2022.05.08-13.20.33:199][  0]LogSlate: Took 0.000114 seconds to synchronously load lazily loaded font '../../../Engine/Content/Slate/Fonts/Roboto-Bold.ttf' (160K)
[2022.05.08-13.20.33:287][  0]LogRenderer: Reallocating scene render targets to support 1140x580 Format 10 NumSamples 1 (Frame:1).
[2022.05.08-13.20.33:755][  0]LogSlate: Took 0.000128 seconds to synchronously load lazily loaded font '../../../Engine/Content/Slate/Fonts/Roboto-Light.ttf' (167K)
[2022.05.08-13.20.33:815][  0]LogNativeClassHierarchy: Verbose: Native class hierarchy updated for 'HierarchicalLODOutliner' in 0.0002 seconds. Added 0 classes and 0 folders.
[2022.05.08-13.20.33:815][  0]LogLoad: (Engine Initialization) Total time: 7.10 seconds
[2022.05.08-13.20.33:815][  0]LogLoad: (Engine Initialization) Total Blueprint compile time: 0.00 seconds
[2022.05.08-13.20.33:868][  0]LogAssetRegistry: Asset discovery search completed in 4.1934 seconds
[2022.05.08-13.20.33:873][  0]LogCollectionManager: Fixed up redirectors for 0 collections in 0.000003 seconds (updated 0 objects)
[2022.05.08-13.20.33:875][  0]LogContentStreaming: Texture pool size now 1000 MB
[2022.05.08-13.20.34:850][ 50]LogSlate: Took 0.000218 seconds to synchronously load lazily loaded font '../../../Engine/Content/Slate/Fonts/Roboto-Light.ttf' (167K)
[2022.05.08-13.20.38:355][249]LogUObjectHash: Compacting FUObjectHashTables data took   0.63ms
[2022.05.08-13.20.38:569][249]LogAssetEditorSubsystem: Opening Asset editor for World /Game/level/level1.level1
[2022.05.08-13.20.38:570][249]Cmd: MAP LOAD FILE="../../../../../../Users/ADMIN/Documents/62070025/Cyber_revengers/Content/level/level1.umap" TEMPLATE=0 SHOWPROGRESS=1 FEATURELEVEL=3
[2022.05.08-13.20.38:570][249]LightingResults: New page: Lighting Build
[2022.05.08-13.20.38:570][249]LoadErrors: New page: Loading map: level1.umap
[2022.05.08-13.20.38:572][249]LogWorld: UWorld::CleanupWorld for MainMenu, bSessionEnded=true, bCleanupResources=true
[2022.05.08-13.20.38:572][249]LogSlate: InvalidateAllWidgets triggered.  All widgets were invalidated
[2022.05.08-13.20.38:572][249]MapCheck: New page: Map Check
[2022.05.08-13.20.38:572][249]LightingResults: New page: Lighting Build
[2022.05.08-13.20.38:578][249]LogAudio: Display: Audio Device unregistered from world 'None'.
[2022.05.08-13.20.38:606][249]LogUObjectHash: Compacting FUObjectHashTables data took   0.96ms
[2022.05.08-13.20.38:609][249]LogAudio: Display: Audio Device (ID: 1) registered with world 'level1'.
[2022.05.08-13.20.38:656][249]LogEditorServer: Finished looking for orphan Actors (0.000 secs)
[2022.05.08-13.20.38:656][249]LogAIModule: Creating AISystem for world level1
[2022.05.08-13.20.38:710][249]LogUObjectHash: Compacting FUObjectHashTables data took   0.68ms
[2022.05.08-13.20.38:713][249]Cmd: MAP CHECKDEP NOCLEARLOG
[2022.05.08-13.20.38:713][249]MapCheck: Map check complete: 0 Error(s), 0 Warning(s), took 0.142ms to complete.
[2022.05.08-13.20.38:713][249]LogFileHelpers: Loading map 'level1' took 0.144
